\BOOKMARK [0][-]{chapter.1}{Introduction}{}% 1
\BOOKMARK [1][-]{section.1.1}{Background: Telos and O-Telos}{chapter.1}% 2
\BOOKMARK [1][-]{section.1.2}{The architecture of ConceptBase.cc}{chapter.1}% 3
\BOOKMARK [1][-]{section.1.3}{Hardware and software requirements}{chapter.1}% 4
\BOOKMARK [2][-]{subsection.1.3.1}{Installation}{section.1.3}% 5
\BOOKMARK [1][-]{section.1.4}{Overview of this manual}{chapter.1}% 6
\BOOKMARK [1][-]{section.1.5}{Differences to earlier versions}{chapter.1}% 7
\BOOKMARK [1][-]{section.1.6}{License terms}{chapter.1}% 8
\BOOKMARK [1][-]{section.1.7}{Disclaimer}{chapter.1}% 9
\BOOKMARK [0][-]{chapter.2}{O-Telos by ConceptBase.cc}{}% 10
\BOOKMARK [1][-]{section.2.1}{Propositions and frames}{chapter.2}% 11
\BOOKMARK [1][-]{section.2.2}{Rules and constraints}{chapter.2}% 12
\BOOKMARK [2][-]{subsection.2.2.1}{Basic predicates}{section.2.2}% 13
\BOOKMARK [2][-]{subsection.2.2.2}{Notes on attribution}{section.2.2}% 14
\BOOKMARK [2][-]{subsection.2.2.3}{Assigning attribute categories to explicit attributes}{section.2.2}% 15
\BOOKMARK [2][-]{subsection.2.2.4}{Reserved words}{section.2.2}% 16
\BOOKMARK [2][-]{subsection.2.2.5}{Comparison predicates}{section.2.2}% 17
\BOOKMARK [2][-]{subsection.2.2.6}{Typed variables}{section.2.2}% 18
\BOOKMARK [2][-]{subsection.2.2.7}{Semantic restrictions on formulas}{section.2.2}% 19
\BOOKMARK [2][-]{subsection.2.2.8}{Rule and constraint syntax}{section.2.2}% 20
\BOOKMARK [2][-]{subsection.2.2.9}{Meta formulas}{section.2.2}% 21
\BOOKMARK [2][-]{subsection.2.2.10}{Further object references}{section.2.2}% 22
\BOOKMARK [2][-]{subsection.2.2.11}{User-definable error messages for integrity constraints}{section.2.2}% 23
\BOOKMARK [2][-]{subsection.2.2.12}{Immutable properties}{section.2.2}% 24
\BOOKMARK [1][-]{section.2.3}{Query classes}{chapter.2}% 25
\BOOKMARK [2][-]{subsection.2.3.1}{Query definitions versus query calls}{section.2.3}% 26
\BOOKMARK [2][-]{subsection.2.3.2}{Query classes and deductive integrity checking}{section.2.3}% 27
\BOOKMARK [2][-]{subsection.2.3.3}{Nested query calls and shortcuts}{section.2.3}% 28
\BOOKMARK [2][-]{subsection.2.3.4}{Reified query calls}{section.2.3}% 29
\BOOKMARK [1][-]{section.2.4}{View definitions}{chapter.2}% 30
\BOOKMARK [1][-]{section.2.5}{Functions}{chapter.2}% 31
\BOOKMARK [2][-]{subsection.2.5.1}{Functions as special queries}{section.2.5}% 32
\BOOKMARK [2][-]{subsection.2.5.2}{Shortcuts for function calls and functional expressions}{section.2.5}% 33
\BOOKMARK [2][-]{subsection.2.5.3}{Example function calls and definitions}{section.2.5}% 34
\BOOKMARK [2][-]{subsection.2.5.4}{Programmed functions}{section.2.5}% 35
\BOOKMARK [2][-]{subsection.2.5.5}{Recursive function definitions}{section.2.5}% 36
\BOOKMARK [1][-]{section.2.6}{Query evaluation strategies}{chapter.2}% 37
\BOOKMARK [1][-]{section.2.7}{Multi-level modeling with ConceptBase}{chapter.2}% 38
\BOOKMARK [2][-]{subsection.2.7.1}{Expressing semantics at the metamodel level}{section.2.7}% 39
\BOOKMARK [2][-]{subsection.2.7.2}{DeepTelos}{section.2.7}% 40
\BOOKMARK [2][-]{subsection.2.7.3}{Crossing abstraction levels}{section.2.7}% 41
\BOOKMARK [1][-]{section.2.8}{Datalog queries and rules}{chapter.2}% 42
\BOOKMARK [2][-]{subsection.2.8.1}{Extended query model}{section.2.8}% 43
\BOOKMARK [2][-]{subsection.2.8.2}{Datalog code}{section.2.8}% 44
\BOOKMARK [2][-]{subsection.2.8.3}{Examples}{section.2.8}% 45
\BOOKMARK [0][-]{chapter.3}{Answer Formats for Queries}{}% 46
\BOOKMARK [1][-]{section.3.1}{Basic definitions}{chapter.3}% 47
\BOOKMARK [1][-]{section.3.2}{Constructs in answer formats}{chapter.3}% 48
\BOOKMARK [2][-]{subsection.3.2.1}{Simple expressions in patterns}{section.3.2}% 49
\BOOKMARK [2][-]{subsection.3.2.2}{Pre-defined variables}{section.3.2}% 50
\BOOKMARK [2][-]{subsection.3.2.3}{Iterations over expressions}{section.3.2}% 51
\BOOKMARK [2][-]{subsection.3.2.4}{Special characters}{section.3.2}% 52
\BOOKMARK [2][-]{subsection.3.2.5}{Function patterns}{section.3.2}% 53
\BOOKMARK [2][-]{subsection.3.2.6}{Calling queries in answer formats}{section.3.2}% 54
\BOOKMARK [2][-]{subsection.3.2.7}{Expressions in head and tail}{section.3.2}% 55
\BOOKMARK [2][-]{subsection.3.2.8}{Conditional expressions}{section.3.2}% 56
\BOOKMARK [2][-]{subsection.3.2.9}{Views and path expressions}{section.3.2}% 57
\BOOKMARK [1][-]{section.3.3}{Parameterized answer formats}{chapter.3}% 58
\BOOKMARK [1][-]{section.3.4}{File type of answer formats}{chapter.3}% 59
\BOOKMARK [1][-]{section.3.5}{Bulk query calls}{chapter.3}% 60
\BOOKMARK [0][-]{chapter.4}{Active Rules}{}% 61
\BOOKMARK [1][-]{section.4.1}{Definition of ECArules}{chapter.4}% 62
\BOOKMARK [2][-]{subsection.4.1.1}{ECAassertion}{section.4.1}% 63
\BOOKMARK [2][-]{subsection.4.1.2}{Events}{section.4.1}% 64
\BOOKMARK [2][-]{subsection.4.1.3}{Conditions}{section.4.1}% 65
\BOOKMARK [2][-]{subsection.4.1.4}{Actions}{section.4.1}% 66
\BOOKMARK [2][-]{subsection.4.1.5}{Priorities}{section.4.1}% 67
\BOOKMARK [2][-]{subsection.4.1.6}{Coupling mode of an ECA rule}{section.4.1}% 68
\BOOKMARK [2][-]{subsection.4.1.7}{Execution Semantics}{section.4.1}% 69
\BOOKMARK [2][-]{subsection.4.1.8}{Switching Queues}{section.4.1}% 70
\BOOKMARK [2][-]{subsection.4.1.9}{Activate and Deactivate ECA rules}{section.4.1}% 71
\BOOKMARK [2][-]{subsection.4.1.10}{Depth}{section.4.1}% 72
\BOOKMARK [2][-]{subsection.4.1.11}{User-definable Error Messages}{section.4.1}% 73
\BOOKMARK [2][-]{subsection.4.1.12}{Constraints}{section.4.1}% 74
\BOOKMARK [1][-]{section.4.2}{Examples}{chapter.4}% 75
\BOOKMARK [2][-]{subsection.4.2.1}{Materialization of views by active rules}{section.4.2}% 76
\BOOKMARK [2][-]{subsection.4.2.2}{Counter}{section.4.2}% 77
\BOOKMARK [2][-]{subsection.4.2.3}{Timestamps}{section.4.2}% 78
\BOOKMARK [2][-]{subsection.4.2.4}{Simulation of Petri Nets}{section.4.2}% 79
\BOOKMARK [1][-]{section.4.3}{Optimization of ECA rules}{chapter.4}% 80
\BOOKMARK [1][-]{section.4.4}{Limitations of the current implementation}{chapter.4}% 81
\BOOKMARK [0][-]{chapter.5}{The Module System}{}% 82
\BOOKMARK [1][-]{section.5.1}{Definition of modules}{chapter.5}% 83
\BOOKMARK [1][-]{section.5.2}{Switching between module contexts}{chapter.5}% 84
\BOOKMARK [1][-]{section.5.3}{Using nested modules}{chapter.5}% 85
\BOOKMARK [1][-]{section.5.4}{Exporting and importing objects}{chapter.5}% 86
\BOOKMARK [1][-]{section.5.5}{Modules and metamodeling}{chapter.5}% 87
\BOOKMARK [1][-]{section.5.6}{Setting user home modules}{chapter.5}% 88
\BOOKMARK [1][-]{section.5.7}{Limiting access to modules}{chapter.5}% 89
\BOOKMARK [2][-]{subsection.5.7.1}{Access to System module}{section.5.7}% 90
\BOOKMARK [1][-]{section.5.8}{Listing the module content}{chapter.5}% 91
\BOOKMARK [2][-]{subsection.5.8.1}{Restrictions of listModule}{section.5.8}% 92
\BOOKMARK [1][-]{section.5.9}{Purging a module}{chapter.5}% 93
\BOOKMARK [1][-]{section.5.10}{Saving and loading module sources}{chapter.5}% 94
\BOOKMARK [1][-]{section.5.11}{Server-side materialization of query results}{chapter.5}% 95
\BOOKMARK [2][-]{subsection.5.11.1}{Post-export command}{section.5.11}% 96
\BOOKMARK [0][-]{chapter.6}{The ConceptBase.cc Server}{}% 97
\BOOKMARK [1][-]{section.6.1}{CBserver parameters}{chapter.6}% 98
\BOOKMARK [1][-]{section.6.2}{ConceptBase under Windows 10}{chapter.6}% 99
\BOOKMARK [1][-]{section.6.3}{Database format}{chapter.6}% 100
\BOOKMARK [1][-]{section.6.4}{Modifying the system database}{chapter.6}% 101
\BOOKMARK [1][-]{section.6.5}{Tracing and restarting}{chapter.6}% 102
\BOOKMARK [1][-]{section.6.6}{Public CBservers}{chapter.6}% 103
\BOOKMARK [1][-]{section.6.7}{The tabling subsystem}{chapter.6}% 104
\BOOKMARK [1][-]{section.6.8}{Database persistency}{chapter.6}% 105
\BOOKMARK [1][-]{section.6.9}{The UNTELL operation}{chapter.6}% 106
\BOOKMARK [2][-]{subsection.6.9.1}{Cascading UNTELL}{section.6.9}% 107
\BOOKMARK [1][-]{section.6.10}{Memory consumption and performance}{chapter.6}% 108
\BOOKMARK [1][-]{section.6.11}{The Java API to the CBserver}{chapter.6}% 109
\BOOKMARK [0][-]{chapter.7}{The CBShell Utility}{}% 110
\BOOKMARK [1][-]{section.7.1}{Syntax}{chapter.7}% 111
\BOOKMARK [1][-]{section.7.2}{Options}{chapter.7}% 112
\BOOKMARK [1][-]{section.7.3}{Commands}{chapter.7}% 113
\BOOKMARK [2][-]{subsection.7.3.1}{Argument delimiters}{section.7.3}% 114
\BOOKMARK [1][-]{section.7.4}{Interactive use of CBShell}{chapter.7}% 115
\BOOKMARK [1][-]{section.7.5}{Positional parameters}{chapter.7}% 116
\BOOKMARK [1][-]{section.7.6}{Executable CBShell scripts}{chapter.7}% 117
\BOOKMARK [1][-]{section.7.7}{CBShell scripts within regular shell scripts}{chapter.7}% 118
\BOOKMARK [1][-]{section.7.8}{CBShell in a pipe}{chapter.7}% 119
\BOOKMARK [0][-]{chapter.8}{The ConceptBase.cc Usage Environment}{}% 120
\BOOKMARK [1][-]{section.8.1}{The workbench CBIva}{chapter.8}% 121
\BOOKMARK [2][-]{subsection.8.1.1}{The tool bar}{section.8.1}% 122
\BOOKMARK [2][-]{subsection.8.1.2}{The menu bar}{section.8.1}% 123
\BOOKMARK [2][-]{subsection.8.1.3}{The status bar}{section.8.1}% 124
\BOOKMARK [2][-]{subsection.8.1.4}{Telos editor}{section.8.1}% 125
\BOOKMARK [2][-]{subsection.8.1.5}{History window}{section.8.1}% 126
\BOOKMARK [2][-]{subsection.8.1.6}{Display instances}{section.8.1}% 127
\BOOKMARK [2][-]{subsection.8.1.7}{Frame browser}{section.8.1}% 128
\BOOKMARK [2][-]{subsection.8.1.8}{Display queries}{section.8.1}% 129
\BOOKMARK [2][-]{subsection.8.1.9}{Display functions}{section.8.1}% 130
\BOOKMARK [2][-]{subsection.8.1.10}{Query editor}{section.8.1}% 131
\BOOKMARK [2][-]{subsection.8.1.11}{Tree browser}{section.8.1}% 132
\BOOKMARK [1][-]{section.8.2}{The graph editor CBGraph}{chapter.8}% 133
\BOOKMARK [2][-]{subsection.8.2.1}{Overview}{section.8.2}% 134
\BOOKMARK [2][-]{subsection.8.2.2}{Starting CBGraph via CBIva}{section.8.2}% 135
\BOOKMARK [2][-]{subsection.8.2.3}{The cbgraph command}{section.8.2}% 136
\BOOKMARK [2][-]{subsection.8.2.4}{Redirecting the CBserver location}{section.8.2}% 137
\BOOKMARK [2][-]{subsection.8.2.5}{Moving objects}{section.8.2}% 138
\BOOKMARK [2][-]{subsection.8.2.6}{Menu bar}{section.8.2}% 139
\BOOKMARK [2][-]{subsection.8.2.7}{Tool bar}{section.8.2}% 140
\BOOKMARK [2][-]{subsection.8.2.8}{Popup menu}{section.8.2}% 141
\BOOKMARK [2][-]{subsection.8.2.9}{Editing of Telos objects}{section.8.2}% 142
\BOOKMARK [2][-]{subsection.8.2.10}{Caching of query results within CBGraph}{section.8.2}% 143
\BOOKMARK [2][-]{subsection.8.2.11}{Graph files}{section.8.2}% 144
\BOOKMARK [1][-]{section.8.3}{An example session with ConceptBase}{chapter.8}% 145
\BOOKMARK [2][-]{subsection.8.3.1}{Starting ConceptBase}{section.8.3}% 146
\BOOKMARK [2][-]{subsection.8.3.2}{Connecting CBIva to another CBserver}{section.8.3}% 147
\BOOKMARK [2][-]{subsection.8.3.3}{Loading objects from external files}{section.8.3}% 148
\BOOKMARK [2][-]{subsection.8.3.4}{Displaying objects}{section.8.3}% 149
\BOOKMARK [2][-]{subsection.8.3.5}{Browsing objects}{section.8.3}% 150
\BOOKMARK [2][-]{subsection.8.3.6}{Editing Telos objects}{section.8.3}% 151
\BOOKMARK [2][-]{subsection.8.3.7}{Using the query facility}{section.8.3}% 152
\BOOKMARK [1][-]{section.8.4}{Configuration file}{chapter.8}% 153
\BOOKMARK [0][-]{appendix.A}{Syntax Specifications}{}% 154
\BOOKMARK [1][-]{section.A.1}{Syntax specifications for Telos frames}{appendix.A}% 155
\BOOKMARK [1][-]{section.A.2}{Syntax of the rule and constraint language}{appendix.A}% 156
\BOOKMARK [1][-]{section.A.3}{Syntax of active rules}{appendix.A}% 157
\BOOKMARK [1][-]{section.A.4}{Terminal symbols}{appendix.A}% 158
\BOOKMARK [1][-]{section.A.5}{Syntax specifications for SML fragments}{appendix.A}% 159
\BOOKMARK [0][-]{appendix.B}{O-Telos Axioms}{}% 160
\BOOKMARK [0][-]{appendix.C}{Graphical Types}{}% 161
\BOOKMARK [1][-]{section.C.1}{The graphical type model}{appendix.C}% 162
\BOOKMARK [1][-]{section.C.2}{The standard graphical types}{appendix.C}% 163
\BOOKMARK [2][-]{subsection.C.2.1}{The extended graphical type model}{section.C.2}% 164
\BOOKMARK [2][-]{subsection.C.2.2}{Default graphical types}{section.C.2}% 165
\BOOKMARK [1][-]{section.C.3}{Customizing the graphical types}{appendix.C}% 166
\BOOKMARK [2][-]{subsection.C.3.1}{Graphical properties of nodes and links}{section.C.3}% 167
\BOOKMARK [2][-]{subsection.C.3.2}{Node levels}{section.C.3}% 168
\BOOKMARK [2][-]{subsection.C.3.3}{Click actions}{section.C.3}% 169
\BOOKMARK [2][-]{subsection.C.3.4}{Providing a new implementation for a graphical type}{section.C.3}% 170
\BOOKMARK [2][-]{subsection.C.3.5}{Shapes}{section.C.3}% 171
\BOOKMARK [2][-]{subsection.C.3.6}{Icons}{section.C.3}% 172
\BOOKMARK [1][-]{section.C.4}{Object-specific graphical properties}{appendix.C}% 173
\BOOKMARK [1][-]{section.C.5}{Graphical types for derived links}{appendix.C}% 174
\BOOKMARK [0][-]{appendix.D}{Examples}{}% 175
\BOOKMARK [1][-]{section.D.1}{Example model: the employee model}{appendix.D}% 176
\BOOKMARK [1][-]{section.D.2}{A Telos modeling example - ER diagrams}{appendix.D}% 177
\BOOKMARK [2][-]{subsection.D.2.1}{The basic model}{section.D.2}% 178
\BOOKMARK [2][-]{subsection.D.2.2}{The use of meta formulas}{section.D.2}% 179
\BOOKMARK [2][-]{subsection.D.2.3}{Limitations and final remarks}{section.D.2}% 180
\BOOKMARK [0][-]{appendix.E}{Predefined Query Classes}{}% 181
\BOOKMARK [1][-]{section.E.1}{Query classes and generic query classes}{appendix.E}% 182
\BOOKMARK [2][-]{subsection.E.1.1}{Instances and classes}{section.E.1}% 183
\BOOKMARK [2][-]{subsection.E.1.2}{Specializations and generalizations}{section.E.1}% 184
\BOOKMARK [2][-]{subsection.E.1.3}{Attributes}{section.E.1}% 185
\BOOKMARK [2][-]{subsection.E.1.4}{Links between objects}{section.E.1}% 186
\BOOKMARK [2][-]{subsection.E.1.5}{Other queries}{section.E.1}% 187
\BOOKMARK [1][-]{section.E.2}{Functions}{appendix.E}% 188
\BOOKMARK [2][-]{subsection.E.2.1}{Computation and counting}{section.E.2}% 189
\BOOKMARK [2][-]{subsection.E.2.2}{String manipulation}{section.E.2}% 190
\BOOKMARK [1][-]{section.E.3}{Builtin query classes}{appendix.E}% 191
\BOOKMARK [0][-]{appendix.F}{CBserver Plug-Ins}{}% 192
\BOOKMARK [1][-]{section.F.1}{Defining the plug-in}{appendix.F}% 193
\BOOKMARK [1][-]{section.F.2}{Calling the plug-in}{appendix.F}% 194
\BOOKMARK [1][-]{section.F.3}{Programming interface for the plug-ins}{appendix.F}% 195
\BOOKMARK [0][-]{appendix*.15}{References}{}% 196
