<<<<<<< HEAD
This is pdfTeX, Version 3.14159265-2.6-1.40.16 (TeX Live 2015/Debian) (preloaded format=pdflatex 2018.10.13)  11 NOV 2019 18:49
=======
This is pdfTeX, Version 3.14159265-2.6-1.40.16 (TeX Live 2015/Debian) (preloaded format=pdflatex 2018.10.12)  11 NOV 2019 13:42
>>>>>>> 392d5a685d61a90f084d584ea9ecee1c5cc4f098
entering extended mode
 restricted \write18 enabled.
 %&-line parsing enabled.
**../CB-Manual.tex
(../CB-Manual.tex
LaTeX2e <2016/02/01>
Babel <3.9q> and hyphenation patterns for 3 language(s) loaded.
(/usr/share/texlive/texmf-dist/tex/latex/base/report.cls
Document Class: report 2014/09/29 v1.4h Standard LaTeX document class
(/usr/share/texlive/texmf-dist/tex/latex/base/size10.clo
File: size10.clo 2014/09/29 v1.4h Standard LaTeX file (size option)
)
\c@part=\count79
\c@chapter=\count80
\c@section=\count81
\c@subsection=\count82
\c@subsubsection=\count83
\c@paragraph=\count84
\c@subparagraph=\count85
\c@figure=\count86
\c@table=\count87
\abovecaptionskip=\skip41
\belowcaptionskip=\skip42
\bibindent=\dimen102
)
(/usr/share/texlive/texmf-dist/tex/latex/hyperref/hyperref.sty
Package: hyperref 2012/11/06 v6.83m Hypertext links for LaTeX

(/usr/share/texlive/texmf-dist/tex/generic/oberdiek/hobsub-hyperref.sty
Package: hobsub-hyperref 2012/05/28 v1.13 Bundle oberdiek, subset hyperref (HO)


(/usr/share/texlive/texmf-dist/tex/generic/oberdiek/hobsub-generic.sty
Package: hobsub-generic 2012/05/28 v1.13 Bundle oberdiek, subset generic (HO)
Package: hobsub 2012/05/28 v1.13 Construct package bundles (HO)
Package: infwarerr 2010/04/08 v1.3 Providing info/warning/error messages (HO)
Package: ltxcmds 2011/11/09 v1.22 LaTeX kernel commands for general use (HO)
Package: ifluatex 2010/03/01 v1.3 Provides the ifluatex switch (HO)
Package ifluatex Info: LuaTeX not detected.
Package: ifvtex 2010/03/01 v1.5 Detect VTeX and its facilities (HO)
Package ifvtex Info: VTeX not detected.
Package: intcalc 2007/09/27 v1.1 Expandable calculations with integers (HO)
Package: ifpdf 2011/01/30 v2.3 Provides the ifpdf switch (HO)
Package ifpdf Info: pdfTeX in PDF mode is detected.
Package: etexcmds 2011/02/16 v1.5 Avoid name clashes with e-TeX commands (HO)
Package etexcmds Info: Could not find \expanded.
(etexcmds)             That can mean that you are not using pdfTeX 1.50 or
(etexcmds)             that some package has redefined \expanded.
(etexcmds)             In the latter case, load this package earlier.
Package: kvsetkeys 2012/04/25 v1.16 Key value parser (HO)
Package: kvdefinekeys 2011/04/07 v1.3 Define keys (HO)
Package: pdftexcmds 2011/11/29 v0.20 Utility functions of pdfTeX for LuaTeX (HO
)
Package pdftexcmds Info: LuaTeX not detected.
Package pdftexcmds Info: \pdf@primitive is available.
Package pdftexcmds Info: \pdf@ifprimitive is available.
Package pdftexcmds Info: \pdfdraftmode found.
Package: pdfescape 2011/11/25 v1.13 Implements pdfTeX's escape features (HO)
Package: bigintcalc 2012/04/08 v1.3 Expandable calculations on big integers (HO
)
Package: bitset 2011/01/30 v1.1 Handle bit-vector datatype (HO)
Package: uniquecounter 2011/01/30 v1.2 Provide unlimited unique counter (HO)
)
Package hobsub Info: Skipping package `hobsub' (already loaded).
Package: letltxmacro 2010/09/02 v1.4 Let assignment for LaTeX macros (HO)
Package: hopatch 2012/05/28 v1.2 Wrapper for package hooks (HO)
Package: xcolor-patch 2011/01/30 xcolor patch
Package: atveryend 2011/06/30 v1.8 Hooks at the very end of document (HO)
Package atveryend Info: \enddocument detected (standard20110627).
Package: atbegshi 2011/10/05 v1.16 At begin shipout hook (HO)
Package: refcount 2011/10/16 v3.4 Data extraction from label references (HO)
Package: hycolor 2011/01/30 v1.7 Color options for hyperref/bookmark (HO)
)
(/usr/share/texlive/texmf-dist/tex/latex/graphics/keyval.sty
Package: keyval 2014/10/28 v1.15 key=value parser (DPC)
\KV@toks@=\toks14
)
(/usr/share/texlive/texmf-dist/tex/generic/ifxetex/ifxetex.sty
Package: ifxetex 2010/09/12 v0.6 Provides ifxetex conditional
)
(/usr/share/texlive/texmf-dist/tex/latex/oberdiek/auxhook.sty
Package: auxhook 2011/03/04 v1.3 Hooks for auxiliary files (HO)
)
(/usr/share/texlive/texmf-dist/tex/latex/oberdiek/kvoptions.sty
Package: kvoptions 2011/06/30 v3.11 Key value format for package options (HO)
)
\@linkdim=\dimen103
\Hy@linkcounter=\count88
\Hy@pagecounter=\count89

(/usr/share/texlive/texmf-dist/tex/latex/hyperref/pd1enc.def
File: pd1enc.def 2012/11/06 v6.83m Hyperref: PDFDocEncoding definition (HO)
)
\Hy@SavedSpaceFactor=\count90

(/usr/share/texlive/texmf-dist/tex/latex/latexconfig/hyperref.cfg
File: hyperref.cfg 2002/06/06 v1.2 hyperref configuration of TeXLive
)
Package hyperref Info: Option `plainpages' set `false' on input line 4319.
Package hyperref Info: Option `pdfpagelabels' set `true' on input line 4319.
Package hyperref Info: Option `bookmarks' set `true' on input line 4319.
Package hyperref Info: Option `colorlinks' set `true' on input line 4319.


Package hyperref Warning: Option `pagecolor' is not available anymore.

Package hyperref Info: Hyper figures OFF on input line 4443.
Package hyperref Info: Link nesting OFF on input line 4448.
Package hyperref Info: Hyper index ON on input line 4451.
Package hyperref Info: Plain pages OFF on input line 4458.
Package hyperref Info: Backreferencing OFF on input line 4463.
Package hyperref Info: Implicit mode ON; LaTeX internals redefined.
Package hyperref Info: Bookmarks ON on input line 4688.
\c@Hy@tempcnt=\count91
(/usr/share/texlive/texmf-dist/tex/latex/url/url.sty
\Urlmuskip=\muskip10
Package: url 2013/09/16  ver 3.4  Verb mode for urls, etc.
)
LaTeX Info: Redefining \url on input line 5041.
\XeTeXLinkMargin=\dimen104
\Fld@menulength=\count92
\Field@Width=\dimen105
\Fld@charsize=\dimen106
Package hyperref Info: Hyper figures OFF on input line 6295.
Package hyperref Info: Link nesting OFF on input line 6300.
Package hyperref Info: Hyper index ON on input line 6303.
Package hyperref Info: backreferencing OFF on input line 6310.
Package hyperref Info: Link coloring ON on input line 6313.
Package hyperref Info: Link coloring with OCG OFF on input line 6320.
Package hyperref Info: PDF/A mode OFF on input line 6325.
LaTeX Info: Redefining \ref on input line 6365.
LaTeX Info: Redefining \pageref on input line 6369.
\Hy@abspage=\count93
\c@Item=\count94
\c@Hfootnote=\count95
)

Package hyperref Message: Driver (autodetected): hpdftex.

(/usr/share/texlive/texmf-dist/tex/latex/hyperref/hpdftex.def
File: hpdftex.def 2012/11/06 v6.83m Hyperref driver for pdfTeX
\Fld@listcount=\count96
\c@bookmark@seq@number=\count97

(/usr/share/texlive/texmf-dist/tex/latex/oberdiek/rerunfilecheck.sty
Package: rerunfilecheck 2011/04/15 v1.7 Rerun checks for auxiliary files (HO)
Package uniquecounter Info: New unique counter `rerunfilecheck' on input line 2
82.
)
\Hy@SectionHShift=\skip43
)
(/usr/share/texlive/texmf-dist/tex/latex/graphics/graphicx.sty
Package: graphicx 2014/10/28 v1.0g Enhanced LaTeX Graphics (DPC,SPQR)

(/usr/share/texlive/texmf-dist/tex/latex/graphics/graphics.sty
Package: graphics 2016/01/03 v1.0q Standard LaTeX Graphics (DPC,SPQR)

(/usr/share/texlive/texmf-dist/tex/latex/graphics/trig.sty
Package: trig 2016/01/03 v1.10 sin cos tan (DPC)
)
(/usr/share/texlive/texmf-dist/tex/latex/latexconfig/graphics.cfg
File: graphics.cfg 2010/04/23 v1.9 graphics configuration of TeX Live
)
Package graphics Info: Driver file: pdftex.def on input line 95.

(/usr/share/texlive/texmf-dist/tex/latex/pdftex-def/pdftex.def
File: pdftex.def 2011/05/27 v0.06d Graphics/color for pdfTeX
\Gread@gobject=\count98
))
\Gin@req@height=\dimen107
\Gin@req@width=\dimen108
)
(/usr/share/texlive/texmf-dist/tex/latex/ntgclass/a4.sty
Package: a4 2004/04/15 v1.2g A4 based page layout
)
(/usr/share/texlive/texmf-dist/tex/latex/a4wide/a4wide.sty
Package: a4wide 1994/08/30
)
(/usr/share/texlive/texmf-dist/tex/latex/tools/longtable.sty
Package: longtable 2014/10/28 v4.11 Multi-page Table package (DPC)
\LTleft=\skip44
\LTright=\skip45
\LTpre=\skip46
\LTpost=\skip47
\LTchunksize=\count99
\LTcapwidth=\dimen109
\LT@head=\box26
\LT@firsthead=\box27
\LT@foot=\box28
\LT@lastfoot=\box29
\LT@cols=\count100
\LT@rows=\count101
\c@LT@tables=\count102
\c@LT@chunks=\count103
\LT@p@ftn=\toks15
)
(/usr/share/texlive/texmf-dist/tex/latex/psnfss/times.sty
Package: times 2005/04/12 PSNFSS-v9.2a (SPQR) 
) (./CB-Manual.aux

! LaTeX Error: Missing \begin{document}.

See the LaTeX manual or LaTeX Companion for explanation.
Type  H <return>  for immediate help.
 ...                                              
                                                  
l.246 <
       <<<<<< HEAD
? 

LaTeX Warning: Label `sec:persistency' multiply defined.


LaTeX Warning: Label `cha:cbshell' multiply defined.


LaTeX Warning: Label `sec:argdelim' multiply defined.


LaTeX Warning: Label `sec:cbshellinteractive' multiply defined.


LaTeX Warning: Label `sec:cbshellvars' multiply defined.


LaTeX Warning: Label `sec:execcbshell' multiply defined.


LaTeX Warning: Label `sec:shellintegration' multiply defined.


LaTeX Warning: Label `sec:cbshellpipe' multiply defined.


LaTeX Warning: Label `cha:workbench' multiply defined.


LaTeX Warning: Label `fig:cbivamain' multiply defined.


LaTeX Warning: Label `sec:menubar' multiply defined.


LaTeX Warning: Label `sec:telos_ed' multiply defined.


LaTeX Warning: Label `sec:history_window' multiply defined.


LaTeX Warning: Label `fig:historybuttons' multiply defined.


LaTeX Warning: Label `sec:display_instances' multiply defined.


LaTeX Warning: Label `sec:frame_browser' multiply defined.


LaTeX Warning: Label `sec:display_queries' multiply defined.


LaTeX Warning: Label `fig:framebrowser' multiply defined.


LaTeX Warning: Label `fig:displayqueries' multiply defined.


LaTeX Warning: Label `sec:display_functions' multiply defined.


LaTeX Warning: Label `sec:query_editor' multiply defined.


LaTeX Warning: Label `fig:queryeditor' multiply defined.


LaTeX Warning: Label `sec:tree_browser' multiply defined.


LaTeX Warning: Label `fig:frametree' multiply defined.


LaTeX Warning: Label `sec:graphed' multiply defined.


LaTeX Warning: Label `fig:overview' multiply defined.


LaTeX Warning: Label `sec:cbgraphcmd' multiply defined.


LaTeX Warning: Label `sec:moveobj' multiply defined.


LaTeX Warning: Label `sec:optionsmenu' multiply defined.


LaTeX Warning: Label `fig:componentview' multiply defined.


LaTeX Warning: Label `fig:querytoserver' multiply defined.


LaTeX Warning: Label `fig:graphed_toolbar' multiply defined.


LaTeX Warning: Label `sec:graphed:PopupMenu' multiply defined.


LaTeX Warning: Label `sec:graph_edit' multiply defined.


LaTeX Warning: Label `fig:createobject' multiply defined.


LaTeX Warning: Label `fig:graphed_addremove' multiply defined.


LaTeX Warning: Label `sec:graphed_cache' multiply defined.


LaTeX Warning: Label `sec:gel' multiply defined.


LaTeX Warning: Label `sec:session' multiply defined.


LaTeX Warning: Label `fig:startserver' multiply defined.


LaTeX Warning: Label `fig:connectserver' multiply defined.


LaTeX Warning: Label `fig:session_display' multiply defined.


LaTeX Warning: Label `fig:graph_empl' multiply defined.


LaTeX Warning: Label `fig:graph_man' multiply defined.


LaTeX Warning: Label `fig:graph_super' multiply defined.


LaTeX Warning: Label `fig:graph_impl' multiply defined.


LaTeX Warning: Label `fig:telos_ed' multiply defined.


LaTeX Warning: Label `fig:telos_ed_error' multiply defined.


LaTeX Warning: Label `fig:graph_add_attr' multiply defined.


LaTeX Warning: Label `fig:graph_add_inst' multiply defined.


LaTeX Warning: Label `fig:graph_commit' multiply defined.


LaTeX Warning: Label `sec:config' multiply defined.


LaTeX Warning: Label `fig:query_answer' multiply defined.


LaTeX Warning: Label `cha:syntax' multiply defined.


LaTeX Warning: Label `sec:telos objects' multiply defined.


LaTeX Warning: Label `sec:assertion language' multiply defined.


LaTeX Warning: Label `sec:ecasyntax' multiply defined.


LaTeX Warning: Label `sec:terminal symbols' multiply defined.


LaTeX Warning: Label `sec:fragments' multiply defined.


LaTeX Warning: Label `cha:otelos-axioms' multiply defined.


LaTeX Warning: Label `cha:graph-typen' multiply defined.


LaTeX Warning: Label `GTsforGB' multiply defined.


LaTeX Warning: Label `GTsCust' multiply defined.


LaTeX Warning: Label `sec:graph-props' multiply defined.


LaTeX Warning: Label `sec:nodelevel' multiply defined.


LaTeX Warning: Label `sec:clickactions' multiply defined.


LaTeX Warning: Label `sec:shapes' multiply defined.


LaTeX Warning: Label `fig:shapes' multiply defined.


LaTeX Warning: Label `sec:icons' multiply defined.


LaTeX Warning: Label `gproperty' multiply defined.


LaTeX Warning: Label `gtypederived' multiply defined.


LaTeX Warning: Label `cap:examples' multiply defined.


LaTeX Warning: Label `sec:employee-model' multiply defined.


LaTeX Warning: Label `sec:ER-diagrams' multiply defined.


LaTeX Warning: Label `subsec:ER-basic-model' multiply defined.


LaTeX Warning: Label `fig:er_incons' multiply defined.


LaTeX Warning: Label `cap:builtin-queries' multiply defined.


LaTeX Warning: Label `cap:builtin-queries:functions' multiply defined.


LaTeX Warning: Label `cap:lpi' multiply defined.


LaTeX Warning: Label `sec:cbserver-extensions' multiply defined.

)
\openout1 = `CB-Manual.aux'.

LaTeX Font Info:    Checking defaults for OML/cmm/m/it on input line 91.
LaTeX Font Info:    ... okay on input line 91.
LaTeX Font Info:    Checking defaults for T1/cmr/m/n on input line 91.
LaTeX Font Info:    ... okay on input line 91.
LaTeX Font Info:    Checking defaults for OT1/cmr/m/n on input line 91.
LaTeX Font Info:    ... okay on input line 91.
LaTeX Font Info:    Checking defaults for OMS/cmsy/m/n on input line 91.
LaTeX Font Info:    ... okay on input line 91.
LaTeX Font Info:    Checking defaults for OMX/cmex/m/n on input line 91.
LaTeX Font Info:    ... okay on input line 91.
LaTeX Font Info:    Checking defaults for U/cmr/m/n on input line 91.
LaTeX Font Info:    ... okay on input line 91.
LaTeX Font Info:    Checking defaults for PD1/pdf/m/n on input line 91.
LaTeX Font Info:    ... okay on input line 91.
LaTeX Font Info:    Try loading font information for OT1+ptm on input line 91.
 (/usr/share/texlive/texmf-dist/tex/latex/psnfss/ot1ptm.fd
File: ot1ptm.fd 2001/06/04 font definitions for OT1/ptm.
)
\AtBeginShipoutBox=\box30

(/usr/share/texlive/texmf-dist/tex/latex/graphics/color.sty
Package: color 2016/01/03 v1.1b Standard LaTeX Color (DPC)

(/usr/share/texlive/texmf-dist/tex/latex/latexconfig/color.cfg
File: color.cfg 2007/01/18 v1.5 color configuration of teTeX/TeXLive

Overfull \hbox (152.39043pt too wide) in paragraph at lines 246--3
\OT1/cmr/m/n/10 HEAD                                                           
                                                                               
                                                                               
     =======
 []

)
Package color Info: Driver file: pdftex.def on input line 143.
)
Package hyperref Info: Link coloring ON on input line 91.
 (/usr/share/texlive/texmf-dist/tex/latex/hyperref/nameref.sty
Package: nameref 2012/10/27 v2.43 Cross-referencing by name of section

(/usr/share/texlive/texmf-dist/tex/generic/oberdiek/gettitlestring.sty
Package: gettitlestring 2010/12/03 v1.4 Cleanup title references (HO)
)
\c@section@level=\count104
)
LaTeX Info: Redefining \ref on input line 91.
LaTeX Info: Redefining \pageref on input line 91.
LaTeX Info: Redefining \nameref on input line 91.

(./CB-Manual.out) (./CB-Manual.out)
\@outlinefile=\write3
\openout3 = `CB-Manual.out'.


(/usr/share/texlive/texmf-dist/tex/context/base/supp-pdf.mkii
[Loading MPS to PDF converter (version 2006.09.02).]
\scratchcounter=\count105
\scratchdimen=\dimen110
\scratchbox=\box31
\nofMPsegments=\count106
\nofMParguments=\count107
\everyMPshowfont=\toks16
\MPscratchCnt=\count108
\MPscratchDim=\dimen111
\MPnumerator=\count109
\makeMPintoPDFobject=\count110
\everyMPtoPDFconversion=\toks17
) (/usr/share/texlive/texmf-dist/tex/latex/oberdiek/epstopdf-base.sty
Package: epstopdf-base 2010/02/09 v2.5 Base part for package epstopdf

(/usr/share/texlive/texmf-dist/tex/latex/oberdiek/grfext.sty
Package: grfext 2010/08/19 v1.1 Manage graphics extensions (HO)
)
Package grfext Info: Graphics extension search list:
(grfext)             [.png,.pdf,.jpg,.mps,.jpeg,.jbig2,.jb2,.PNG,.PDF,.JPG,.JPE
G,.JBIG2,.JB2,.eps]
(grfext)             \AppendGraphicsExtensions on input line 452.

(/usr/share/texlive/texmf-dist/tex/latex/latexconfig/epstopdf-sys.cfg
File: epstopdf-sys.cfg 2010/07/13 v1.3 Configuration of (r)epstopdf for TeX Liv
e
))
(../Title.tex [1

{/var/lib/texmf/fonts/map/pdftex/updmap/pdftex.map}]
<telos.png, id=798, 473.77pt x 473.77pt>
File: telos.png Graphic file (type png)
 <use telos.png>
Package pdftex.def Info: telos.png used on input line 49.
(pdftex.def)             Requested size: 227.62204pt x 227.61665pt.
LaTeX Font Info:    Try loading font information for OT1+phv on input line 49.

(/usr/share/texlive/texmf-dist/tex/latex/psnfss/ot1phv.fd
File: ot1phv.fd 2001/06/04 scalable font definitions for OT1/phv.
)
LaTeX Font Info:    External font `cmex10' loaded for size
(Font)              <17.28> on input line 49.
LaTeX Font Info:    External font `cmex10' loaded for size
(Font)              <12> on input line 49.
LaTeX Font Info:    External font `cmex10' loaded for size
(Font)              <8> on input line 49.
LaTeX Font Info:    External font `cmex10' loaded for size
(Font)              <6> on input line 49.
LaTeX Font Info:    External font `cmex10' loaded for size
(Font)              <9> on input line 49.
LaTeX Font Info:    External font `cmex10' loaded for size
(Font)              <5> on input line 49.
LaTeX Font Info:    Try loading font information for OT1+pcr on input line 49.

(/usr/share/texlive/texmf-dist/tex/latex/psnfss/ot1pcr.fd
File: ot1pcr.fd 2001/06/04 font definitions for OT1/pcr.
)pdfTeX warning (ext4): destination with the same identifier (name{page.1}) has
 been already used, duplicate ignored
<to be read again> 
                   \relax 
l.49 
      [1 <../telos.png>]
LaTeX Font Info:    Font shape `OT1/ptm/bx/n' in size <10> not available
(Font)              Font shape `OT1/ptm/b/n' tried instead on input line 52.
pdfTeX warning (ext4): destination with the same identifier (name{page.1}) has 
been already used, duplicate ignored
<to be read again> 
                   \relax 
l.102 \end{titlepage}
                      [1])
LaTeX Font Info:    Font shape `OT1/ptm/bx/n' in size <24.88> not available
(Font)              Font shape `OT1/ptm/b/n' tried instead on input line 95.
 (./CB-Manual.toc
LaTeX Font Info:    External font `cmex10' loaded for size
(Font)              <7> on input line 2.
pdfTeX warning (ext4): destination with the same identifier (name{page.1}) has 
been already used, duplicate ignored
<to be read again> 
                   \relax 
l.44 ...xtended query model}{55}{subsection.2.8.1}
                                                   [1

] [2]

! LaTeX Error: Something's wrong--perhaps a missing \item.

See the LaTeX manual or LaTeX Companion for explanation.
Type  H <return>  for immediate help.
 ...                                              
                                                  
l.116 ...e {7}The CBShell Utility}{110}{chapter.7}
                                                  
? 
[3] [4]

! LaTeX Error: Something's wrong--perhaps a missing \item.

See the LaTeX manual or LaTeX Companion for explanation.
Type  H <return>  for immediate help.
 ...                                              
                                                  
l.216 ...e {7}The CBShell Utility}{109}{chapter.7}
                                                  
? 
[5])
\tf@toc=\write4
\openout4 = `CB-Manual.toc'.

 (../Introduction.tex [6] [7]
Chapter 1.
LaTeX Font Info:    Font shape `OT1/ptm/bx/n' in size <20.74> not available
(Font)              Font shape `OT1/ptm/b/n' tried instead on input line 3.
LaTeX Font Info:    Try loading font information for OMS+ptm on input line 22.
(/usr/share/texlive/texmf-dist/tex/latex/psnfss/omsptm.fd
File: omsptm.fd 
)
LaTeX Font Info:    Font shape `OMS/ptm/m/n' in size <10> not available
(Font)              Font shape `OMS/cmsy/m/n' tried instead on input line 22.
 [8

]
LaTeX Font Info:    Font shape `OT1/ptm/bx/n' in size <14.4> not available
(Font)              Font shape `OT1/ptm/b/n' tried instead on input line 72.
 [9] [10]
<cb_fig1.pdf, id=1188, 404.51125pt x 205.76875pt>
File: cb_fig1.pdf Graphic file (type pdf)
 <use cb_fig1.pdf>
Package pdftex.def Info: cb_fig1.pdf used on input line 237.
(pdftex.def)             Requested size: 241.84842pt x 123.02576pt.
 [11 <../cb_fig1.pdf>]
LaTeX Font Info:    Font shape `OT1/ptm/bx/n' in size <12> not available
(Font)              Font shape `OT1/ptm/b/n' tried instead on input line 326.
 [12]
LaTeX Font Info:    Try loading font information for OMS+pcr on input line 342.

 (/usr/share/texlive/texmf-dist/tex/latex/psnfss/omspcr.fd
File: omspcr.fd 
)
LaTeX Font Info:    Font shape `OMS/pcr/m/n' in size <10> not available
(Font)              Font shape `OMS/cmsy/m/n' tried instead on input line 342.

[13]
Overfull \hbox (3.92212pt too wide) in paragraph at lines 490--494
[]\OT1/ptm/m/n/10 The Con-cept-Base.cc Fo-rum ([][]$\OT1/pcr/m/n/9 http : / / c
onceptbase . sourceforge . net / CB-[]Forum . html$[][]\OT1/ptm/m/n/10 ) con-ta
ins
 []


Overfull \hbox (0.71245pt too wide) in paragraph at lines 495--501
[]\OT1/ptm/m/n/10 The Con-cept-Base.cc logo at [][]$\OT1/pcr/m/n/9 http : / / c
onceptbase . sourceforge . net / conceptbase-[]cc-[]logo .
 []

[14]) (../Language.tex [15]
Chapter 2.
[16

] [17] [18] [19] [20] <NeuEmpl.png, id=1385, 643.40375pt x 510.90875pt>
File: NeuEmpl.png Graphic file (type png)

<use NeuEmpl.png>
Package pdftex.def Info: NeuEmpl.png used on input line 505.
(pdftex.def)             Requested size: 284.52756pt x 225.93874pt.
 [21] [22 <../NeuEmpl.png (PNG copy)>]
Overfull \hbox (209.85004pt too wide) in paragraph at lines 606--611
\OT1/ptm/m/n/10 the database OB and \OT1/pcr/m/n/10 t \OT1/ptm/m/n/10 is the st
art time of \OT1/pcr/m/n/10 tt\OT1/ptm/m/n/10 . The ar-gu-ment \OT1/pcr/m/n/10 
t \OT1/ptm/m/n/10 is a string of the for-mat []\OT1/pcr/m/n/10 "tt(millisecond(
yr,mo,d,h,min,sec,millisec))"\OT1/ptm/m/n/10 .
 []

[23] [24] [25] [26] [27]
Underfull \hbox (badness 2103) in paragraph at lines 916--916
[][][]\OT1/ptm/m/n/8 For the ex-am-ple of sub-sec-tion [][]2.1[][] among oth-er
s the ground pred-i-cates \OT1/pcr/m/n/8 (mary in Manager)\OT1/ptm/m/n/8 , \OT1
/pcr/m/n/8 (Manager isA
 []

[28] [29]
Overfull \hbox (16.08034pt too wide) in paragraph at lines 1125--1130
\OT1/ptm/m/n/10 pred-i-cate \OT1/pcr/m/n/10 (x dept PR) \OT1/ptm/m/n/10 can be 
uniquely at-tached to its so-called \OT1/ptm/m/it/10 con-cerned class \OT1/pcr/
m/n/10 GuestEmployee!dept\OT1/ptm/m/n/10 . 
 []

[30]
Underfull \hbox (badness 8056) in paragraph at lines 1194--1194
[][][]\OT1/ptm/m/n/8 Use multi-sets as dis-cussed in [][]$\OT1/pcr/m/n/9 http :
 / / merkur . informatik . rwth-[]aachen . de / pub / bscw . cgi /
 []

[31]
Overfull \hbox (1.41376pt too wide) in paragraph at lines 1273--1273
[]    \OT1/pcr/m/n/10 forall x,y,z/VAR  (x in Person) and (y in Person) and (z 
in Person)[] 
 []

[32] [33] [34] [35] [36] [37] [38] [39] [40] [41]
Overfull \hbox (1.17062pt too wide) in paragraph at lines 2141--2152
\OT1/ptm/m/n/10 ram-e-ters of a query (or func-tion) have fillers in the query 
call. In such cases, one can write \OT1/pcr/m/n/10 Q[x1,x2,...]
 []

[42] [43]
Overfull \hbox (3.14029pt too wide) in paragraph at lines 2253--2258
[]\OT1/ptm/m/n/10 Attributes of the cat-e-gory []\OT1/pcr/m/n/10 inherited_attr
ibute \OT1/ptm/m/n/10 are sim-i-lar to re-trieved at-tributes of query classes,

 []

[44] (../Functions.tex [45] [46] [47] [48] [49] [50]) [51] [52]
<entityvalue.png, id=1641, 450.9347pt x 185.94469pt>
File: entityvalue.png Graphic file (type png)
 <use entityvalue.png>
Package pdftex.def Info: entityvalue.png used on input line 2522.
(pdftex.def)             Requested size: 227.62204pt x 93.863pt.

[53 <../entityvalue.png>]
<entitysuperclass.png, id=1653, 536.0025pt x 286.06876pt>
File: entitysuperclass.png Graphic file (type png)

<use entitysuperclass.png>
Package pdftex.def Info: entitysuperclass.png used on input line 2599.
(pdftex.def)             Requested size: 284.52756pt x 151.85143pt.

<entityidentifier.png, id=1654, 453.19313pt x 185.94469pt>
File: entityidentifier.png Graphic file (type png)

<use entityidentifier.png>
Package pdftex.def Info: entityidentifier.png used on input line 2612.
(pdftex.def)             Requested size: 227.62204pt x 93.39201pt.
 [54 <../entitysuperclass.png> <../entityidentifier.png>]
Overfull \hbox (6.61115pt too wide) in paragraph at lines 2655--2656
[]\OT1/ptm/m/n/10 Further dis-cus-sion and ex-am-ples of DeepTe-los are avail-a
ble at [][]$\OT1/pcr/m/n/9 http : / / conceptbase . cc / deeptelos$[][]\OT1/ptm
/m/n/10 . 
 []

[55] <AcrossLevels.png, id=1677, 541.02126pt x 487.8225pt>
File: AcrossLevels.png Graphic file (type png)

<use AcrossLevels.png>
Package pdftex.def Info: AcrossLevels.png used on input line 2714.
(pdftex.def)             Requested size: 256.0748pt x 230.89929pt.
) (../DatalogQuery.tex [56 <../AcrossLevels.png (PNG copy)>] [57]) (../AnswerFo
rmat.tex [58] [59]
Chapter 3.
LaTeX Font Info:    Font shape `OT1/ptm/bx/it' in size <10> not available
(Font)              Font shape `OT1/ptm/b/it' tried instead on input line 39.

Overfull \hbox (0.92047pt too wide) in paragraph at lines 40--43
[]\OT1/ptm/m/n/10 Finally, the name of a user-defined an-swer for-mat can be pr
o-vided, like \OT1/pcr/m/n/10 MyFormat\OT1/ptm/m/n/10 .
 []

[60

] [61] [62]

LaTeX Font Warning: Font shape `OMS/ptm/bx/n' undefined
(Font)              using `OMS/ptm/m/n' instead
(Font)              for symbol `textbraceleft' on input line 255.

LaTeX Font Info:    Font shape `OMS/ptm/bx/n' in size <10> not available
(Font)              Font shape `OMS/cmsy/m/n' tried instead on input line 255.
[63] [64]
Overfull \hbox (5.22845pt too wide) in paragraph at lines 335--337
[]\OT1/ptm/m/n/10 the time when the cur-rent trans-ac-tion was started; has for
-mat YYYY-MM-DD hh:mm:ss
 []

[65]
Underfull \hbox (badness 10000) in paragraph at lines 419--424

 []

[66]
Overfull \hbox (5.03098pt too wide) in paragraph at lines 519--522
[]\OT1/ptm/m/n/10 The ef-fect of \OT1/pcr/m/n/10 ASKquery \OT1/ptm/m/n/10 in an
 an-swer for-mat is that the above query call is eval-u-ated and the \OT1/pcr/m
/n/10 ASKquery
 []


Overfull \hbox (0.40698pt too wide) in paragraph at lines 534--543
[][]
 []


Underfull \hbox (badness 10000) in paragraph at lines 534--543

 []

[67] [68]
Overfull \hbox (22.44109pt too wide) in paragraph at lines 664--679
\OT1/ptm/m/n/10 the pre-ferred way. In our case, it is a pa-ram-e-ter-ized an-s
wer for-mat: []\OT1/pcr/m/n/10 AFParameter[somevalue/somevar]\OT1/ptm/m/n/10 .
 []

[69]) (../ECArules.tex [70]
Chapter 4.
[71

] [72]
Underfull \hbox (badness 1028) in paragraph at lines 208--208
[][][]\OT1/ptm/m/n/8 Retell is cur-rently re-stricted to at-tri-bu-tion pred-i-
cates \OT1/pcr/m/n/8 A(x,ml,y) \OT1/ptm/m/n/8 and \OT1/pcr/m/n/8 AL(x,ml,n,y)\O
T1/ptm/m/n/8 , re-spec-tively their in-fix ver-
 []


Overfull \hbox (3.74991pt too wide) in paragraph at lines 201--221
[]\OT1/ptm/m/n/10 All vari-ables in Tell, Un-tell and Retell[][][][][] ac-tions
 must be bound. The in-ser-tion of an at-tribute \OT1/pcr/m/n/10 A(x,ml,y)
 []

[73] [74] <eca_queues.pdf, id=1791, 250.9375pt x 77.28876pt>
File: eca_queues.pdf Graphic file (type pdf)

<use eca_queues.pdf>
Package pdftex.def Info: eca_queues.pdf used on input line 391.
(pdftex.def)             Requested size: 216.81pt x 66.78072pt.
 [75]
Overfull \hbox (7.87242pt too wide) in paragraph at lines 464--470
\OT1/ptm/m/n/10 sented in the CB-Forum at [][]$\OT1/pcr/m/n/9 http : / / merkur
 . informatik . rwth-[]aachen . de / pub / bscw . cgi / 2924361$[][]\OT1/ptm/m/
n/10 .
 []

[76 <../eca_queues.pdf>] [77] [78]
Overfull \hbox (3.02307pt too wide) in paragraph at lines 647--657
\OT1/pcr/m/n/9 informatik . rwth-[]aachen . de / pub / bscw . cgi / d2773786 / 
EmployeeCount . sml . txt$[][]\OT1/ptm/m/n/10 . The pur-pose
 []

[79]
Overfull \hbox (11.43118pt too wide) in paragraph at lines 735--740
[]\OT1/ptm/m/n/10 A dep-re-cated so-lu-tion is avail-able from [][]$\OT1/pcr/m/
n/9 http : / / merkur . informatik . rwth-[]aachen . de / pub / bscw .
 []

[80] [81]) (../Moduleserver.tex [82]
Chapter 5.
[83

] <choose_modcontext.png, id=1854, 402.50375pt x 302.12875pt>
File: choose_modcontext.png Graphic file (type png)

<use choose_modcontext.png>
Package pdftex.def Info: choose_modcontext.png used on input line 131.
(pdftex.def)             Requested size: 142.26378pt x 106.78392pt.
 [84] [85 <../choose_modcontext.png>]
<mod_hierarchy.png, id=1869, 316.93407pt x 395.97937pt>
File: mod_hierarchy.png Graphic file (type png)

<use mod_hierarchy.png>
Package pdftex.def Info: mod_hierarchy.png used on input line 211.
(pdftex.def)             Requested size: 184.9429pt x 231.07602pt.
 [86 <../mod_hierarchy.png>] [87] [88]
Overfull \hbox (15.96063pt too wide) in paragraph at lines 407--412
\OT1/ptm/m/n/10 mod-ules for each user ex-plicitely, you can just de-fine a cer
-tain mod-ule to be an in-stance of \OT1/pcr/m/n/10 AutoHomeModule\OT1/ptm/m/n/
10 . 
 []

[89] [90] [91] [92] [93] [94] [95] [96]) (../CBserver.tex [97]
Chapter 6.
[98

]
Overfull \hbox (2.11945pt too wide) in paragraph at lines 87--92
[]\OT1/ptm/m/n/10 sets the TCP/IP socket port-num-ber for client con-nec-tions 
to the CB-server. The value \OT1/pcr/m/n/10 portnr
 []

<<<<<<< HEAD
[97] [98] [99] [100] [101] [102]
=======
[99] [100] [101] [102] [103] [104]
>>>>>>> 392d5a685d61a90f084d584ea9ecee1c5cc4f098
Underfull \hbox (badness 10000) in paragraph at lines 642--652

 []

<<<<<<< HEAD
[103]
=======
[105]
>>>>>>> 392d5a685d61a90f084d584ea9ecee1c5cc4f098
Underfull \hbox (badness 10000) in paragraph at lines 683--692

 []

<<<<<<< HEAD
[104] [105]
=======
[106] [107]
>>>>>>> 392d5a685d61a90f084d584ea9ecee1c5cc4f098
Overfull \hbox (2.38553pt too wide) in paragraph at lines 840--848
\OT1/ptm/m/n/10 ConceptBase.cc stores ob-jects in a ded-i-cated ob-ject store m
ain-tained in main mem-ory. A P-fact $\OML/cmm/m/it/10 P\OT1/cmr/m/n/10 (\OML/c
mm/m/it/10 o; x; n; y\OT1/cmr/m/n/10 )$
 []

<<<<<<< HEAD
[106]
=======
[108]
>>>>>>> 392d5a685d61a90f084d584ea9ecee1c5cc4f098
Overfull \hbox (3.28232pt too wide) in paragraph at lines 988--997
\OT1/ptm/m/n/10 query is not de-fined. The query call can have ar-gu-ments, e.g
. \OT1/pcr/m/n/10 "get[]object[Class/objname]"\OT1/ptm/m/n/10 .
 []

<<<<<<< HEAD
[107]
=======
[109]
>>>>>>> 392d5a685d61a90f084d584ea9ecee1c5cc4f098
Overfull \hbox (2.0418pt too wide) in paragraph at lines 1074--1079
\OT1/pcr/m/n/10 TinyClient3.java \OT1/ptm/m/n/10 (uses the con-nect method), an
d a more elab-o-rate ex-am-ple \OT1/pcr/m/n/10 SimpleClient.java
 []

<<<<<<< HEAD
[108] [109]
Chapter 7.
[110
=======
[110] [111]
Chapter 7.
[112
>>>>>>> 392d5a685d61a90f084d584ea9ecee1c5cc4f098

]
Overfull \hbox (16.71997pt too wide) in paragraph at lines 1184--1194
[]\OT1/ptm/m/n/10 : asks a query; pos-si-ble query for-mats are \OT1/pcr/m/n/10
 OBJNAMES
 []

<<<<<<< HEAD
[111] [112]
=======
[113] [114]
>>>>>>> 392d5a685d61a90f084d584ea9ecee1c5cc4f098
Overfull \hbox (18.14131pt too wide) in paragraph at lines 1343--1346
[]\OT1/ptm/m/n/10 The com-plete ex-am-ple is avail-able from the CB-Forum at []
[]$\OT1/pcr/m/n/9 http : / / merkur . informatik . rwth-[]aachen .
 []

<<<<<<< HEAD
[113] [114]
=======
[115] [116]
>>>>>>> 392d5a685d61a90f084d584ea9ecee1c5cc4f098
Overfull \hbox (22.70233pt too wide) in paragraph at lines 1564--1570
\OT1/ptm/m/n/10 An sim-ple ex-am-ple is given in [][]$\OT1/pcr/m/n/9 http : / /
 merkur . informatik . rwth-[]aachen . de / pub / bscw . cgi / 3372687$[][]\OT1
/ptm/m/n/10 .
 []


Overfull \hbox (5.59067pt too wide) in paragraph at lines 1564--1570
\OT1/ptm/m/n/10 A more elab-o-rate ex-am-ple is avail-able in the CB-Forum at [
][]$\OT1/pcr/m/n/9 http : / / merkur . informatik . rwth-[]aachen .
 []

<<<<<<< HEAD
[115]
=======
[117]
>>>>>>> 392d5a685d61a90f084d584ea9ecee1c5cc4f098
Overfull \hbox (1.68271pt too wide) in paragraph at lines 1583--1588
\OT1/pcr/m/n/10 4cbshell \OT1/ptm/m/n/10 from the CB-Forum at [][]$\OT1/pcr/m/n
/9 http : / / merkur . informatik . rwth-[]aachen . de / pub / bscw . cgi /
 []


Overfull \hbox (1.41376pt too wide) in paragraph at lines 1601--1601
[]        \OT1/pcr/m/n/10 echo tell \"\\\"${file}\\\" in File with size s: ${fs
ize} end\"[] 
 []


Overfull \hbox (16.84142pt too wide) in paragraph at lines 1637--1642
[]\OT1/ptm/m/n/10 An elab-o-rate ex-am-ple of this us-age is in the CB-Forum at
 [][]$\OT1/pcr/m/n/9 http : / / merkur . informatik . rwth-[]aachen .
 []

<<<<<<< HEAD
[116]) (../CBiva.tex [117]
Chapter 8.
<cbivamain.png, id=2023, 519.44063pt x 442.65375pt>
=======
[118]) (../CBiva.tex [119]
Chapter 8.
<cbivamain.png, id=2124, 519.44063pt x 442.65375pt>
>>>>>>> 392d5a685d61a90f084d584ea9ecee1c5cc4f098
File: cbivamain.png Graphic file (type png)
 <use cbivamain.png>
Package pdftex.def Info: cbivamain.png used on input line 56.
(pdftex.def)             Requested size: 341.43306pt x 290.95685pt.

<<<<<<< HEAD
[118
=======
[120
>>>>>>> 392d5a685d61a90f084d584ea9ecee1c5cc4f098

]
Overfull \hbox (25.00003pt too wide) in paragraph at lines 82--88
[] 
 []

<<<<<<< HEAD
[119 <../cbivamain.png>] [120] [121] [122]
<historybuttons.pdf, id=2076, 388.45125pt x 119.44624pt>
=======
[121 <../cbivamain.png>] [122] [123] [124]
<historybuttons.pdf, id=2177, 388.45125pt x 119.44624pt>
>>>>>>> 392d5a685d61a90f084d584ea9ecee1c5cc4f098
File: historybuttons.pdf Graphic file (type pdf)

<use historybuttons.pdf>
Package pdftex.def Info: historybuttons.pdf used on input line 307.
(pdftex.def)             Requested size: 254.75433pt x 78.33717pt.

<<<<<<< HEAD
<framebrowser.png, id=2078, 579.16376pt x 402.50375pt>
=======
<framebrowser.png, id=2179, 579.16376pt x 402.50375pt>
>>>>>>> 392d5a685d61a90f084d584ea9ecee1c5cc4f098
File: framebrowser.png Graphic file (type png)
 <use framebrowser.png>
Package pdftex.def Info: framebrowser.png used on input line 333.
(pdftex.def)             Requested size: 312.9803pt x 217.5146pt.

<<<<<<< HEAD
<displayqueries.png, id=2081, 616.3025pt x 527.9725pt>
=======
<displayqueries.png, id=2182, 616.3025pt x 527.9725pt>
>>>>>>> 392d5a685d61a90f084d584ea9ecee1c5cc4f098
File: displayqueries.png Graphic file (type png)

<use displayqueries.png>
Package pdftex.def Info: displayqueries.png used on input line 359.
(pdftex.def)             Requested size: 312.9803pt x 268.12648pt.
<<<<<<< HEAD
 [123 <../historybuttons.pdf>] [124 <../framebrowser.png> <../displayqueries.pn
g>]
<queryeditor.pdf, id=2105, 338.26375pt x 368.37625pt>
=======
 [125 <../historybuttons.pdf>] [126 <../framebrowser.png> <../displayqueries.pn
g>]
<queryeditor.pdf, id=2206, 338.26375pt x 368.37625pt>
>>>>>>> 392d5a685d61a90f084d584ea9ecee1c5cc4f098
File: queryeditor.pdf Graphic file (type pdf)
 <use queryeditor.pdf>
Package pdftex.def Info: queryeditor.pdf used on input line 393.
(pdftex.def)             Requested size: 312.9803pt x 340.84947pt.

<<<<<<< HEAD
[125 <../queryeditor.pdf>] <frametree.pdf, id=2119, 276.03125pt x 209.78375pt>
=======
[127 <../queryeditor.pdf>] <frametree.pdf, id=2219, 276.03125pt x 209.78375pt>
>>>>>>> 392d5a685d61a90f084d584ea9ecee1c5cc4f098
File: frametree.pdf Graphic file (type pdf)

<use frametree.pdf>
Package pdftex.def Info: frametree.pdf used on input line 422.
(pdftex.def)             Requested size: 256.0748pt x 194.6359pt.
<<<<<<< HEAD
 [126 <../frametree.pdf>]
<overview.png, id=2133, 702.625pt x 602.25pt>
=======
 [128 <../frametree.pdf>]
<overview.png, id=2233, 702.625pt x 602.25pt>
>>>>>>> 392d5a685d61a90f084d584ea9ecee1c5cc4f098
File: overview.png Graphic file (type png)
 <use overview.png>
Package pdftex.def Info: overview.png used on input line 466.
(pdftex.def)             Requested size: 382.12502pt x 327.5443pt.
<<<<<<< HEAD
 [127 <../overview.png>] [128] [129] [130] [131]
<componentview.png, id=2179, 571.13374pt x 462.72874pt>
=======
 [129 <../overview.png>] [130] [131] [132] [133]
<componentview.png, id=2279, 571.13374pt x 462.72874pt>
>>>>>>> 392d5a685d61a90f084d584ea9ecee1c5cc4f098
File: componentview.png Graphic file (type png)

<use componentview.png>
Package pdftex.def Info: componentview.png used on input line 867.
(pdftex.def)             Requested size: 256.0748pt x 207.47052pt.
<<<<<<< HEAD
 [132] [133 <../componentview.png>]
<querytoserver.png, id=2197, 409.53pt x 192.72pt>
=======
 [134] [135 <../componentview.png>]
<querytoserver.png, id=2297, 409.53pt x 192.72pt>
>>>>>>> 392d5a685d61a90f084d584ea9ecee1c5cc4f098
File: querytoserver.png Graphic file (type png)
 <use querytoserver.png>
Package pdftex.def Info: querytoserver.png used on input line 916.
(pdftex.def)             Requested size: 170.71652pt x 80.339pt.

<<<<<<< HEAD
<graphed_toolbar.png, id=2199, 456.20438pt x 108.405pt>
=======
<graphed_toolbar.png, id=2299, 456.20438pt x 108.405pt>
>>>>>>> 392d5a685d61a90f084d584ea9ecee1c5cc4f098
File: graphed_toolbar.png Graphic file (type png)

<use graphed_toolbar.png>
Package pdftex.def Info: graphed_toolbar.png used on input line 926.
(pdftex.def)             Requested size: 424.58624pt x 100.89499pt.
<<<<<<< HEAD
 [134 <../querytoserver.png> <../graphed_toolbar.png>] [135] <createobject.png,
 id=2216, 682.55pt x 379.4175pt>
=======
 [136 <../querytoserver.png> <../graphed_toolbar.png>] [137] <createobject.png,
 id=2317, 682.55pt x 379.4175pt>
>>>>>>> 392d5a685d61a90f084d584ea9ecee1c5cc4f098
File: createobject.png Graphic file (type png)

<use createobject.png>
Package pdftex.def Info: createobject.png used on input line 1035.
(pdftex.def)             Requested size: 339.67029pt x 188.8167pt.
<<<<<<< HEAD
 [136 <../createobject.png>]
<graphed_addremove.png, id=2227, 307.1475pt x 256.96pt>
=======
 [138 <../createobject.png>]
<graphed_addremove.png, id=2328, 307.1475pt x 256.96pt>
>>>>>>> 392d5a685d61a90f084d584ea9ecee1c5cc4f098
File: graphed_addremove.png Graphic file (type png)

<use graphed_addremove.png>
Package pdftex.def Info: graphed_addremove.png used on input line 1107.
(pdftex.def)             Requested size: 199.16928pt x 166.626pt.
<<<<<<< HEAD
 [137 <../graphed_addremove.png>] [138]
=======
 [139 <../graphed_addremove.png>] [140]
>>>>>>> 392d5a685d61a90f084d584ea9ecee1c5cc4f098
Overfull \hbox (13.41376pt too wide) in paragraph at lines 1214--1214
[]   \OT1/pcr/m/n/10 Integer saveflag (bit0: HAS_IMAGE, bit1: HAS_SOURCE, bit2:
 HAS_PARAMS)[] 
 []

<<<<<<< HEAD
[139] <startserver.png, id=2253, 863.225pt x 331.2375pt>
=======
[141] <startserver.png, id=2353, 863.225pt x 331.2375pt>
>>>>>>> 392d5a685d61a90f084d584ea9ecee1c5cc4f098
File: startserver.png Graphic file (type png)
 <use startserver.png>
Package pdftex.def Info: startserver.png used on input line 1295.
(pdftex.def)             Requested size: 382.12502pt x 146.62944pt.

<<<<<<< HEAD
<connectserver.png, id=2255, 233.87375pt x 147.55125pt>
=======
<connectserver.png, id=2355, 233.87375pt x 147.55125pt>
>>>>>>> 392d5a685d61a90f084d584ea9ecee1c5cc4f098
File: connectserver.png Graphic file (type png)

<use connectserver.png>
Package pdftex.def Info: connectserver.png used on input line 1311.
(pdftex.def)             Requested size: 85.35826pt x 53.85237pt.
<<<<<<< HEAD
 [140 <../startserver.png>]
<session_display.png, id=2267, 383.4325pt x 300.12125pt>
=======
 [142 <../startserver.png>]
<session_display.png, id=2368, 383.4325pt x 300.12125pt>
>>>>>>> 392d5a685d61a90f084d584ea9ecee1c5cc4f098
File: session_display.png Graphic file (type png)

<use session_display.png>
Package pdftex.def Info: session_display.png used on input line 1368.
(pdftex.def)             Requested size: 199.16928pt x 155.8945pt.
<<<<<<< HEAD
 <graph_empl.png, id=2270, 666.49pt x 463.7325pt>
=======
 <graph_empl.png, id=2371, 666.49pt x 463.7325pt>
>>>>>>> 392d5a685d61a90f084d584ea9ecee1c5cc4f098
File: graph_empl.png Graphic file (type png)

<use graph_empl.png>
Package pdftex.def Info: graph_empl.png used on input line 1390.
(pdftex.def)             Requested size: 382.12502pt x 265.8799pt.
<<<<<<< HEAD
 [141 <../connectserver.png>]
<graph_man.png, id=2282, 666.49pt x 461.725pt>
=======
 [143 <../connectserver.png>]
<graph_man.png, id=2382, 666.49pt x 461.725pt>
>>>>>>> 392d5a685d61a90f084d584ea9ecee1c5cc4f098
File: graph_man.png Graphic file (type png)
 <use graph_man.png>
Package pdftex.def Info: graph_man.png used on input line 1397.
(pdftex.def)             Requested size: 382.12502pt x 264.72891pt.

Overfull \hbox (5.23976pt too wide) in paragraph at lines 1399--1406
[]\OT1/ptm/m/n/10 Note that dif-fer-ent ob-ject types are rep-re-sented by dif-
fer-ent graph-i-cal ob-jects. The in-stances of \OT1/pcr/m/n/10 Manager
 []

<<<<<<< HEAD
[142 <../session_display.png> <../graph_empl.png>]
<graph_super.png, id=2293, 665.48625pt x 473.77pt>
=======
[144 <../session_display.png> <../graph_empl.png>]
<graph_super.png, id=2394, 665.48625pt x 473.77pt>
>>>>>>> 392d5a685d61a90f084d584ea9ecee1c5cc4f098
File: graph_super.png Graphic file (type png)
 <use graph_super.png>
Package pdftex.def Info: graph_super.png used on input line 1434.
(pdftex.def)             Requested size: 382.12502pt x 272.04695pt.

<<<<<<< HEAD
<graph_impl.png, id=2295, 665.48625pt x 459.7175pt>
=======
<graph_impl.png, id=2396, 665.48625pt x 459.7175pt>
>>>>>>> 392d5a685d61a90f084d584ea9ecee1c5cc4f098
File: graph_impl.png Graphic file (type png)
 <use graph_impl.png>
Package pdftex.def Info: graph_impl.png used on input line 1452.
(pdftex.def)             Requested size: 382.12502pt x 263.97775pt.

<<<<<<< HEAD
[143 <../graph_man.png>] <telos_ed.png, id=2306, 650.43pt x 612.2875pt>
=======
[145 <../graph_man.png>] <telos_ed.png, id=2406, 650.43pt x 612.2875pt>
>>>>>>> 392d5a685d61a90f084d584ea9ecee1c5cc4f098
File: telos_ed.png Graphic file (type png)

<use telos_ed.png>
Package pdftex.def Info: telos_ed.png used on input line 1467.
(pdftex.def)             Requested size: 339.67029pt x 319.75537pt.
<<<<<<< HEAD
 [144 <../graph_super.png> <../graph_impl.png>]
<telos_ed_error.png, id=2316, 606.265pt x 554.07pt>
=======
 [146 <../graph_super.png> <../graph_impl.png>]
<telos_ed_error.png, id=2416, 606.265pt x 554.07pt>
>>>>>>> 392d5a685d61a90f084d584ea9ecee1c5cc4f098
File: telos_ed_error.png Graphic file (type png)
 <use telos_ed_error.png>
Package pdftex.def Info: telos_ed_error.png used on input line 1476.
(pdftex.def)             Requested size: 369.88582pt x 338.04138pt.

<<<<<<< HEAD
[145 <../telos_ed.png>]
<graph_add_attr.png, id=2328, 663.47874pt x 463.7325pt>
=======
[147 <../telos_ed.png>]
<graph_add_attr.png, id=2428, 663.47874pt x 463.7325pt>
>>>>>>> 392d5a685d61a90f084d584ea9ecee1c5cc4f098
File: graph_add_attr.png Graphic file (type png)

<use graph_add_attr.png>
Package pdftex.def Info: graph_add_attr.png used on input line 1526.
(pdftex.def)             Requested size: 339.67029pt x 237.40616pt.
<<<<<<< HEAD
 <graph_add_inst.png, id=2329, 666.49pt x 462.72874pt>
=======
 <graph_add_inst.png, id=2429, 666.49pt x 462.72874pt>
>>>>>>> 392d5a685d61a90f084d584ea9ecee1c5cc4f098
File: graph_add_inst.png Graphic file (type png)

<use graph_add_inst.png>
Package pdftex.def Info: graph_add_inst.png used on input line 1528.
(pdftex.def)             Requested size: 339.67029pt x 235.82614pt.
<<<<<<< HEAD
 <graph_commit.png, id=2330, 664.4825pt x 461.725pt>
=======
 <graph_commit.png, id=2430, 664.4825pt x 461.725pt>
>>>>>>> 392d5a685d61a90f084d584ea9ecee1c5cc4f098
File: graph_commit.png Graphic file (type png)

<use graph_commit.png>
Package pdftex.def Info: graph_commit.png used on input line 1534.
(pdftex.def)             Requested size: 339.67029pt x 236.02617pt.
<<<<<<< HEAD
 [146 <../telos_ed_error.png>] [147 <../graph_add_attr.png> <../graph_add_inst.
png>] <query_answer.png, id=2347, 674.52pt x 592.2125pt>
=======
 [148 <../telos_ed_error.png>] [149 <../graph_add_attr.png> <../graph_add_inst.
png>] <query_answer.png, id=2448, 674.52pt x 592.2125pt>
>>>>>>> 392d5a685d61a90f084d584ea9ecee1c5cc4f098
File: query_answer.png Graphic file (type png)

<use query_answer.png>
Package pdftex.def Info: query_answer.png used on input line 1578.
(pdftex.def)             Requested size: 339.67029pt x 298.22908pt.
<<<<<<< HEAD
 [148 <../graph_commit.png>] [149 <../query_answer.png>]
=======
 [150 <../graph_commit.png>] [151 <../query_answer.png>]
>>>>>>> 392d5a685d61a90f084d584ea9ecee1c5cc4f098
Overfull \hbox (13.47055pt too wide) in paragraph at lines 1623--1624
[]\OT1/ptm/m/n/10 Background color of the desk-top of CB-Graph (comma-separated

 []

<<<<<<< HEAD
) (../SyntaxDef.tex [150]
Appendix A.
[151

] [152] [153] [154]
=======
) (../SyntaxDef.tex [152]
Appendix A.
[153

] [154] [155] [156]
>>>>>>> 392d5a685d61a90f084d584ea9ecee1c5cc4f098
Overfull \hbox (7.41327pt too wide) in paragraph at lines 301--301
[] \OT1/pcr/m/n/9 ACCENTCHAR     --> umlauts and accents that are included in t
he 8bit ASCII code[] 
 []


Overfull \hbox (23.61325pt too wide) in paragraph at lines 301--301
[]                    \OT1/pcr/m/n/9 a double quote  must be escaped by \ which
 must be escaped by \[] 
 []

<<<<<<< HEAD
[155]
=======
[157]
>>>>>>> 392d5a685d61a90f084d584ea9ecee1c5cc4f098
Overfull \hbox (12.81326pt too wide) in paragraph at lines 382--382
[] \OT1/pcr/m/n/9 <selectExpB>   --> selectExpB( <restriction> , <selectOperato
r> , <selectExpB> )[] 
 []

<<<<<<< HEAD
[156]) (../O-Telos-Axioms.tex [157]
Appendix B.
[158

] [159]
=======
[158]) (../O-Telos-Axioms.tex [159]
Appendix B.
[160

] [161]
>>>>>>> 392d5a685d61a90f084d584ea9ecee1c5cc4f098
Overfull \hbox (9.81271pt too wide) in paragraph at lines 180--185
\OT1/ptm/m/n/10 Au-gustin, Ger-many or via [][]$\OT1/pcr/m/n/9 http : / / merku
r . informatik . rwth-[]aachen . de / pub / bscw . cgi / d340216 /
 []

<<<<<<< HEAD
) (../GraphicalTypes.tex [160]
=======
) (../GraphicalTypes.tex [162]
>>>>>>> 392d5a685d61a90f084d584ea9ecee1c5cc4f098
Appendix C.
[163

<<<<<<< HEAD
] [162] [163]
=======
] [164] [165]
>>>>>>> 392d5a685d61a90f084d584ea9ecee1c5cc4f098
Overfull \hbox (7.41327pt too wide) in paragraph at lines 268--268
[]    \OT1/pcr/m/n/9 bgimage: "http://conceptbase.sourceforge.net/CBICONS/bgima
ges/bmgcolor.png";[] 
 []


Overfull \hbox (0.38263pt too wide) in paragraph at lines 271--276
\OT1/ptm/m/n/10 from the CB-Forum at [][]$\OT1/pcr/m/n/9 http : / / merkur . in
formatik . rwth-[]aachen . de / pub / bscw . cgi / d4204468 /
 []

<<<<<<< HEAD
[164] [165] [166] [167] [168] [169]
=======
[166] [167] [168] [169] [170] [171]
>>>>>>> 392d5a685d61a90f084d584ea9ecee1c5cc4f098
Overfull \hbox (3.57166pt too wide) in paragraph at lines 764--769
[]\OT1/ptm/m/n/10 The source code of the above ex-am-ple is in-cluded in the \O
T1/pcr/m/n/10 cbeditor \OT1/ptm/m/n/10 di-rec-tory in file \OT1/pcr/m/n/10 CBBu
tton.java\OT1/ptm/m/n/10 .
 []


Overfull \hbox (28.84138pt too wide) in paragraph at lines 775--781
\OT1/ptm/m/n/10 Graph Ed-i-tor. To use these shapes, you can ei-ther spec-ify t
he full path, e.g. \OT1/pcr/m/n/10 "i5.cb.graph.shapes.Cloud"\OT1/ptm/m/n/10 ,
 []


Underfull \hbox (badness 3536) in paragraph at lines 797--797
[]\OT1/ptm/m/n/10 Pentagon, Hexagon, Sep-
 []

<<<<<<< HEAD
[170] <shapes.png, id=2485, 513.92pt x 293.095pt>
=======
[172] <shapes.png, id=2586, 513.92pt x 293.095pt>
>>>>>>> 392d5a685d61a90f084d584ea9ecee1c5cc4f098
File: shapes.png Graphic file (type png)
 <use shapes.png>
Package pdftex.def Info: shapes.png used on input line 845.
(pdftex.def)             Requested size: 412.56496pt x 235.29472pt.
<<<<<<< HEAD
 [171]
[172 <../shapes.png (PNG copy)>]
=======
 [173]
[174 <../shapes.png (PNG copy)>]
>>>>>>> 392d5a685d61a90f084d584ea9ecee1c5cc4f098
Overfull \hbox (10.51132pt too wide) in paragraph at lines 989--991
[]\OT1/ptm/m/n/10 Further ex-am-ples on us-ing im-age icons are pro-vided in th
e CB-Forum at [][]$\OT1/pcr/m/n/9 http : / / merkur . informatik .
 []

<<<<<<< HEAD
[173] [174]
=======
[175] [176]
>>>>>>> 392d5a685d61a90f084d584ea9ecee1c5cc4f098
Overfull \hbox (7.41327pt too wide) in paragraph at lines 1109--1109
[]        \OT1/pcr/m/n/9 r1 : $ forall e/Employee n/String (e name n) ==> (e gp
roperty/label n)$;[] 
 []

<<<<<<< HEAD
[175]) (../Examples.tex [176]
=======
[177]) (../Examples.tex [178]
>>>>>>> 392d5a685d61a90f084d584ea9ecee1c5cc4f098
Appendix D.

Underfull \hbox (badness 10000) in paragraph at lines 24--28

 []

<<<<<<< HEAD
[177

] [178]
=======
[179

] [180]
>>>>>>> 392d5a685d61a90f084d584ea9ecee1c5cc4f098
Underfull \hbox (badness 10000) in paragraph at lines 180--181

 []

<<<<<<< HEAD
[179] [180] [181] [182] [183]
<er_incons.png, id=2558, 669.50125pt x 630.355pt>
=======
[181] [182] [183] [184] [185]
<er_incons.png, id=2659, 669.50125pt x 630.355pt>
>>>>>>> 392d5a685d61a90f084d584ea9ecee1c5cc4f098
File: er_incons.png Graphic file (type png)
 <use er_incons.png>
Package pdftex.def Info: er_incons.png used on input line 497.
(pdftex.def)             Requested size: 382.12502pt x 359.79662pt.
<<<<<<< HEAD
 [184 <../er_incons.png>]) (../BuiltinQueries.tex [185]
Appendix E.
[186

] [187] [188] [189]
Appendix F.
[190

] [191]) (../References.tex [192] [193
=======
 [186 <../er_incons.png>]) (../BuiltinQueries.tex [187]
Appendix E.
[188

] [189] [190] [191]
Appendix F.
[192

] [193]) (../References.tex [194] [195
>>>>>>> 392d5a685d61a90f084d584ea9ecee1c5cc4f098

]
Underfull \hbox (badness 10000) in paragraph at lines 91--95
[]\OT1/ptm/m/n/10 Jeusfeld, M.A.: Meta-mod-el-ing and Method En-gi-neer-ing wit
h Con-cept-
 []


Underfull \hbox (badness 10000) in paragraph at lines 91--95
\OT1/ptm/m/n/10 Base. In [[]], preprint [][]$\OT1/pcr/m/n/9 http : / / conceptb
ase . sourceforge . net / mjf /
 []

<<<<<<< HEAD
[194])
Package atveryend Info: Empty hook `BeforeClearDocument' on input line 116.
 [195]
=======
[196])
Package atveryend Info: Empty hook `BeforeClearDocument' on input line 116.
 [197]
>>>>>>> 392d5a685d61a90f084d584ea9ecee1c5cc4f098
Package atveryend Info: Empty hook `AfterLastShipout' on input line 116.
 (./CB-Manual.aux)
Package atveryend Info: Executing hook `AtVeryEndDocument' on input line 116.
Package atveryend Info: Executing hook `AtEndAfterFileList' on input line 116.
Package rerunfilecheck Info: File `CB-Manual.out' has not changed.
(rerunfilecheck)             Checksum: 74BC8733D08B8A01BD35328902591538;14330.


LaTeX Font Warning: Some font shapes were not available, defaults substituted.


LaTeX Warning: There were multiply-defined labels.

Package atveryend Info: Empty hook `AtVeryVeryEnd' on input line 116.
 ) 
Here is how much of TeX's memory you used:
<<<<<<< HEAD
 6664 strings out of 494953
 96914 string characters out of 6180976
 181341 words of memory out of 5000000
=======
 6666 strings out of 494953
 96930 string characters out of 6180976
 181575 words of memory out of 5000000
>>>>>>> 392d5a685d61a90f084d584ea9ecee1c5cc4f098
 9213 multiletter control sequences out of 15000+600000
 38209 words of font info for 79 fonts, out of 8000000 for 9000
 14 hyphenation exceptions out of 8191
 30i,12n,29p,250b,544s stack positions out of 5000i,500n,10000p,200000b,80000s
{/usr/share/texlive/texmf-dist/fonts/enc/dvips/base/8r.enc}</usr/share/texliv
e/texmf-dist/fonts/type1/public/amsfonts/cm/cmmi10.pfb></usr/share/texlive/texm
f-dist/fonts/type1/public/amsfonts/cm/cmmi6.pfb></usr/share/texlive/texmf-dist/
fonts/type1/public/amsfonts/cm/cmmi7.pfb></usr/share/texlive/texmf-dist/fonts/t
ype1/public/amsfonts/cm/cmmi8.pfb></usr/share/texlive/texmf-dist/fonts/type1/pu
blic/amsfonts/cm/cmr10.pfb></usr/share/texlive/texmf-dist/fonts/type1/public/am
sfonts/cm/cmr7.pfb></usr/share/texlive/texmf-dist/fonts/type1/public/amsfonts/c
m/cmr9.pfb></usr/share/texlive/texmf-dist/fonts/type1/public/amsfonts/cm/cmsy10
.pfb></usr/share/texlive/texmf-dist/fonts/type1/public/amsfonts/cm/cmsy7.pfb></
usr/share/texlive/texmf-dist/fonts/type1/public/amsfonts/cm/cmsy9.pfb></usr/sha
re/texlive/texmf-dist/fonts/type1/public/amsfonts/cm/cmtt10.pfb></usr/share/tex
live/texmf-dist/fonts/type1/urw/courier/ucrr8a.pfb></usr/share/texlive/texmf-di
st/fonts/type1/urw/helvetic/uhvr8a.pfb></usr/share/texlive/texmf-dist/fonts/typ
e1/urw/times/utmb8a.pfb></usr/share/texlive/texmf-dist/fonts/type1/urw/times/ut
mbi8a.pfb></usr/share/texlive/texmf-dist/fonts/type1/urw/times/utmr8a.pfb></usr
/share/texlive/texmf-dist/fonts/type1/urw/times/utmri8a.pfb>
<<<<<<< HEAD
Output written on CB-Manual.pdf (197 pages, 1937290 bytes).
PDF statistics:
 2885 PDF objects out of 2984 (max. 8388607)
 2512 compressed objects within 26 object streams
 576 named destinations out of 1000 (max. 500000)
=======
Output written on CB-Manual.pdf (200 pages, 1947446 bytes).
PDF statistics:
 2988 PDF objects out of 3580 (max. 8388607)
 2611 compressed objects within 27 object streams
 578 named destinations out of 1000 (max. 500000)
>>>>>>> 392d5a685d61a90f084d584ea9ecee1c5cc4f098
 1754 words of extra memory for PDF output out of 10000 (max. 10000000)

