This is pdfTeX, Version 3.14159265-2.6-1.40.16 (TeX Live 2015/Debian) (preloaded format=pdflatex 2018.10.12)  31 JAN 2020 09:15
entering extended mode
 restricted \write18 enabled.
 %&-line parsing enabled.
**../ProgManual.tex
(../ProgManual.tex
LaTeX2e <2016/02/01>
Babel <3.9q> and hyphenation patterns for 3 language(s) loaded.
(/usr/share/texlive/texmf-dist/tex/latex/base/report.cls
Document Class: report 2014/09/29 v1.4h Standard LaTeX document class
(/usr/share/texlive/texmf-dist/tex/latex/base/size10.clo
File: size10.clo 2014/09/29 v1.4h Standard LaTeX file (size option)
)
\c@part=\count79
\c@chapter=\count80
\c@section=\count81
\c@subsection=\count82
\c@subsubsection=\count83
\c@paragraph=\count84
\c@subparagraph=\count85
\c@figure=\count86
\c@table=\count87
\abovecaptionskip=\skip41
\belowcaptionskip=\skip42
\bibindent=\dimen102
)
(/usr/share/texlive/texmf-dist/tex/latex/ntgclass/a4.sty
Package: a4 2004/04/15 v1.2g A4 based page layout
)
(/usr/share/texlive/texmf-dist/tex/latex/psnfss/times.sty
Package: times 2005/04/12 PSNFSS-v9.2a (SPQR) 
)
(/usr/share/texlive/texmf-dist/tex/latex/hyperref/hyperref.sty
Package: hyperref 2012/11/06 v6.83m Hypertext links for LaTeX

(/usr/share/texlive/texmf-dist/tex/generic/oberdiek/hobsub-hyperref.sty
Package: hobsub-hyperref 2012/05/28 v1.13 Bundle oberdiek, subset hyperref (HO)


(/usr/share/texlive/texmf-dist/tex/generic/oberdiek/hobsub-generic.sty
Package: hobsub-generic 2012/05/28 v1.13 Bundle oberdiek, subset generic (HO)
Package: hobsub 2012/05/28 v1.13 Construct package bundles (HO)
Package: infwarerr 2010/04/08 v1.3 Providing info/warning/error messages (HO)
Package: ltxcmds 2011/11/09 v1.22 LaTeX kernel commands for general use (HO)
Package: ifluatex 2010/03/01 v1.3 Provides the ifluatex switch (HO)
Package ifluatex Info: LuaTeX not detected.
Package: ifvtex 2010/03/01 v1.5 Detect VTeX and its facilities (HO)
Package ifvtex Info: VTeX not detected.
Package: intcalc 2007/09/27 v1.1 Expandable calculations with integers (HO)
Package: ifpdf 2011/01/30 v2.3 Provides the ifpdf switch (HO)
Package ifpdf Info: pdfTeX in PDF mode is detected.
Package: etexcmds 2011/02/16 v1.5 Avoid name clashes with e-TeX commands (HO)
Package etexcmds Info: Could not find \expanded.
(etexcmds)             That can mean that you are not using pdfTeX 1.50 or
(etexcmds)             that some package has redefined \expanded.
(etexcmds)             In the latter case, load this package earlier.
Package: kvsetkeys 2012/04/25 v1.16 Key value parser (HO)
Package: kvdefinekeys 2011/04/07 v1.3 Define keys (HO)
Package: pdftexcmds 2011/11/29 v0.20 Utility functions of pdfTeX for LuaTeX (HO
)
Package pdftexcmds Info: LuaTeX not detected.
Package pdftexcmds Info: \pdf@primitive is available.
Package pdftexcmds Info: \pdf@ifprimitive is available.
Package pdftexcmds Info: \pdfdraftmode found.
Package: pdfescape 2011/11/25 v1.13 Implements pdfTeX's escape features (HO)
Package: bigintcalc 2012/04/08 v1.3 Expandable calculations on big integers (HO
)
Package: bitset 2011/01/30 v1.1 Handle bit-vector datatype (HO)
Package: uniquecounter 2011/01/30 v1.2 Provide unlimited unique counter (HO)
)
Package hobsub Info: Skipping package `hobsub' (already loaded).
Package: letltxmacro 2010/09/02 v1.4 Let assignment for LaTeX macros (HO)
Package: hopatch 2012/05/28 v1.2 Wrapper for package hooks (HO)
Package: xcolor-patch 2011/01/30 xcolor patch
Package: atveryend 2011/06/30 v1.8 Hooks at the very end of document (HO)
Package atveryend Info: \enddocument detected (standard20110627).
Package: atbegshi 2011/10/05 v1.16 At begin shipout hook (HO)
Package: refcount 2011/10/16 v3.4 Data extraction from label references (HO)
Package: hycolor 2011/01/30 v1.7 Color options for hyperref/bookmark (HO)
)
(/usr/share/texlive/texmf-dist/tex/latex/graphics/keyval.sty
Package: keyval 2014/10/28 v1.15 key=value parser (DPC)
\KV@toks@=\toks14
)
(/usr/share/texlive/texmf-dist/tex/generic/ifxetex/ifxetex.sty
Package: ifxetex 2010/09/12 v0.6 Provides ifxetex conditional
)
(/usr/share/texlive/texmf-dist/tex/latex/oberdiek/auxhook.sty
Package: auxhook 2011/03/04 v1.3 Hooks for auxiliary files (HO)
)
(/usr/share/texlive/texmf-dist/tex/latex/oberdiek/kvoptions.sty
Package: kvoptions 2011/06/30 v3.11 Key value format for package options (HO)
)
\@linkdim=\dimen103
\Hy@linkcounter=\count88
\Hy@pagecounter=\count89

(/usr/share/texlive/texmf-dist/tex/latex/hyperref/pd1enc.def
File: pd1enc.def 2012/11/06 v6.83m Hyperref: PDFDocEncoding definition (HO)
)
\Hy@SavedSpaceFactor=\count90

(/usr/share/texlive/texmf-dist/tex/latex/latexconfig/hyperref.cfg
File: hyperref.cfg 2002/06/06 v1.2 hyperref configuration of TeXLive
)
Package hyperref Info: Option `plainpages' set `false' on input line 4319.
Package hyperref Info: Option `pdfpagelabels' set `true' on input line 4319.
Package hyperref Info: Option `bookmarks' set `true' on input line 4319.
Package hyperref Info: Option `colorlinks' set `true' on input line 4319.


Package hyperref Warning: Option `pagecolor' is not available anymore.

Package hyperref Info: Hyper figures OFF on input line 4443.
Package hyperref Info: Link nesting OFF on input line 4448.
Package hyperref Info: Hyper index ON on input line 4451.
Package hyperref Info: Plain pages OFF on input line 4458.
Package hyperref Info: Backreferencing OFF on input line 4463.
Package hyperref Info: Implicit mode ON; LaTeX internals redefined.
Package hyperref Info: Bookmarks ON on input line 4688.
\c@Hy@tempcnt=\count91
(/usr/share/texlive/texmf-dist/tex/latex/url/url.sty
\Urlmuskip=\muskip10
Package: url 2013/09/16  ver 3.4  Verb mode for urls, etc.
)
LaTeX Info: Redefining \url on input line 5041.
\XeTeXLinkMargin=\dimen104
\Fld@menulength=\count92
\Field@Width=\dimen105
\Fld@charsize=\dimen106
Package hyperref Info: Hyper figures OFF on input line 6295.
Package hyperref Info: Link nesting OFF on input line 6300.
Package hyperref Info: Hyper index ON on input line 6303.
Package hyperref Info: backreferencing OFF on input line 6310.
Package hyperref Info: Link coloring ON on input line 6313.
Package hyperref Info: Link coloring with OCG OFF on input line 6320.
Package hyperref Info: PDF/A mode OFF on input line 6325.
LaTeX Info: Redefining \ref on input line 6365.
LaTeX Info: Redefining \pageref on input line 6369.
\Hy@abspage=\count93
\c@Item=\count94
\c@Hfootnote=\count95
)

Package hyperref Message: Driver (autodetected): hpdftex.

(/usr/share/texlive/texmf-dist/tex/latex/hyperref/hpdftex.def
File: hpdftex.def 2012/11/06 v6.83m Hyperref driver for pdfTeX
\Fld@listcount=\count96
\c@bookmark@seq@number=\count97

(/usr/share/texlive/texmf-dist/tex/latex/oberdiek/rerunfilecheck.sty
Package: rerunfilecheck 2011/04/15 v1.7 Rerun checks for auxiliary files (HO)
Package uniquecounter Info: New unique counter `rerunfilecheck' on input line 2
82.
)
\Hy@SectionHShift=\skip43
)
(/usr/share/texlive/texmf-dist/tex/latex/a4wide/a4wide.sty
Package: a4wide 1994/08/30
)
(/usr/share/texlive/texmf-dist/tex/latex/comment/comment.sty
\CommentStream=\write3

Excluding comment 'comment')
No file ProgManual.aux.
\openout1 = `ProgManual.aux'.

LaTeX Font Info:    Checking defaults for OML/cmm/m/it on input line 72.
LaTeX Font Info:    ... okay on input line 72.
LaTeX Font Info:    Checking defaults for T1/cmr/m/n on input line 72.
LaTeX Font Info:    ... okay on input line 72.
LaTeX Font Info:    Checking defaults for OT1/cmr/m/n on input line 72.
LaTeX Font Info:    ... okay on input line 72.
LaTeX Font Info:    Checking defaults for OMS/cmsy/m/n on input line 72.
LaTeX Font Info:    ... okay on input line 72.
LaTeX Font Info:    Checking defaults for OMX/cmex/m/n on input line 72.
LaTeX Font Info:    ... okay on input line 72.
LaTeX Font Info:    Checking defaults for U/cmr/m/n on input line 72.
LaTeX Font Info:    ... okay on input line 72.
LaTeX Font Info:    Checking defaults for PD1/pdf/m/n on input line 72.
LaTeX Font Info:    ... okay on input line 72.
LaTeX Font Info:    Try loading font information for OT1+ptm on input line 72.
(/usr/share/texlive/texmf-dist/tex/latex/psnfss/ot1ptm.fd
File: ot1ptm.fd 2001/06/04 font definitions for OT1/ptm.
)
\AtBeginShipoutBox=\box26

(/usr/share/texlive/texmf-dist/tex/latex/graphics/color.sty
Package: color 2016/01/03 v1.1b Standard LaTeX Color (DPC)

(/usr/share/texlive/texmf-dist/tex/latex/latexconfig/color.cfg
File: color.cfg 2007/01/18 v1.5 color configuration of teTeX/TeXLive
)
Package color Info: Driver file: pdftex.def on input line 143.

(/usr/share/texlive/texmf-dist/tex/latex/pdftex-def/pdftex.def
File: pdftex.def 2011/05/27 v0.06d Graphics/color for pdfTeX
\Gread@gobject=\count98

(/usr/share/texlive/texmf-dist/tex/context/base/supp-pdf.mkii
[Loading MPS to PDF converter (version 2006.09.02).]
\scratchcounter=\count99
\scratchdimen=\dimen107
\scratchbox=\box27
\nofMPsegments=\count100
\nofMParguments=\count101
\everyMPshowfont=\toks15
\MPscratchCnt=\count102
\MPscratchDim=\dimen108
\MPnumerator=\count103
\makeMPintoPDFobject=\count104
\everyMPtoPDFconversion=\toks16
)))
Package hyperref Info: Link coloring ON on input line 72.
 (/usr/share/texlive/texmf-dist/tex/latex/hyperref/nameref.sty
Package: nameref 2012/10/27 v2.43 Cross-referencing by name of section

(/usr/share/texlive/texmf-dist/tex/generic/oberdiek/gettitlestring.sty
Package: gettitlestring 2010/12/03 v1.4 Cleanup title references (HO)
)
\c@section@level=\count105
)
LaTeX Info: Redefining \ref on input line 72.
LaTeX Info: Redefining \pageref on input line 72.
LaTeX Info: Redefining \nameref on input line 72.
\@outlinefile=\write4
\openout4 = `ProgManual.out'.


(../Title.tex
Underfull \hbox (badness 10000) in paragraph at lines 12--18

 []


Underfull \hbox (badness 10000) in paragraph at lines 12--18

 []

[1

{/var/lib/texmf/fonts/map/pdftex/updmap/pdftex.map}])
LaTeX Font Info:    Font shape `OT1/ptm/bx/n' in size <24.88> not available
(Font)              Font shape `OT1/ptm/b/n' tried instead on input line 76.
\tf@toc=\write5
\openout5 = `ProgManual.toc'.


(../Server-Interface.texpdfTeX warning (ext4): destination with the same identi
fier (name{page.1}) has been already used, duplicate ignored
<to be read again> 
                   \relax 
l.2 \chapter
            {Server Interface} [1

]
Chapter 1.
LaTeX Font Info:    Font shape `OT1/ptm/bx/n' in size <20.74> not available
(Font)              Font shape `OT1/ptm/b/n' tried instead on input line 2.
LaTeX Font Info:    Font shape `OT1/ptm/bx/n' in size <10> not available
(Font)              Font shape `OT1/ptm/b/n' tried instead on input line 31.

LaTeX Warning: Reference `sec:MessageFormat' on page 2 undefined on input line 
31.


LaTeX Warning: Reference `sec:methods' on page 2 undefined on input line 32.

LaTeX Font Info:    Font shape `OT1/ptm/bx/n' in size <14.4> not available
(Font)              Font shape `OT1/ptm/b/n' tried instead on input line 43.
LaTeX Font Info:    Font shape `OT1/ptm/bx/n' in size <12> not available
(Font)              Font shape `OT1/ptm/b/n' tried instead on input line 52.
LaTeX Font Info:    Try loading font information for OT1+pcr on input line 68.
(/usr/share/texlive/texmf-dist/tex/latex/psnfss/ot1pcr.fd
File: ot1pcr.fd 2001/06/04 font definitions for OT1/pcr.
)

LaTeX Warning: Reference `cha:SyntaxSpec' on page 2 undefined on input line 70.


[2

]
LaTeX Font Info:    External font `cmex10' loaded for size
(Font)              <7> on input line 82.
LaTeX Font Info:    External font `cmex10' loaded for size
(Font)              <5> on input line 82.

Overfull \hbox (44.29059pt too wide) in paragraph at lines 138--140
[]\OT1/ptm/m/n/10 In the fol-low-ing de-scrip-tion of the meth-ods \OT1/pcr/m/n
/10 return \OT1/ptm/m/n/10 refers to the re-spec-tive pa-ram-e-ter of \OT1/pcr/
m/n/10 ipcanswer(sender,
 []

[3]
LaTeX Font Info:    External font `cmex10' loaded for size
(Font)              <8> on input line 226.
LaTeX Font Info:    External font `cmex10' loaded for size
(Font)              <6> on input line 226.
 [4]
LaTeX Font Info:    Try loading font information for OMS+ptm on input line 246.

 (/usr/share/texlive/texmf-dist/tex/latex/psnfss/omsptm.fd
File: omsptm.fd 
)
LaTeX Font Info:    Font shape `OMS/ptm/m/n' in size <10> not available
(Font)              Font shape `OMS/cmsy/m/n' tried instead on input line 246.

Overfull \hbox (25.41382pt too wide) in paragraph at lines 260--261
 []\OT1/pcr/m/n/10 get_object[Class/objname,FALSE/dedIn,FALSE/dedIsa,TRUE/dedWi
th] 
 []

[5] [6]) (../CInterface.tex [7]
Chapter 2.

LaTeX Warning: Reference `sec:data-structures' on page 8 undefined on input lin
e 11.


LaTeX Warning: Reference `sec:Functions' on page 8 undefined on input line 13.


LaTeX Warning: Reference `cha:logclient' on page 8 undefined on input line 34.


LaTeX Warning: Reference `sec:compileandlink' on page 8 undefined on input line
 36.


Overfull \hbox (22.19179pt too wide) in paragraph at lines 61--64
\OT1/ptm/m/n/10 er-ror re-ports for you on your mes-sage queue which may be rea
d call-ing \OT1/pcr/m/n/10 em = get[]errormessages()
 []

[8

]

LaTeX Warning: Reference `completion' on page 9 undefined on input line 100.

[9]
LaTeX Font Info:    Font shape `OT1/ptm/bx/it' in size <10> not available
(Font)              Font shape `OT1/ptm/b/it' tried instead on input line 165.


LaTeX Warning: Reference `completion' on page 10 undefined on input line 179.

[10]
Overfull \hbox (62.55075pt too wide) in paragraph at lines 224--224
[]\OT1/ptm/m/n/10 There was an er-ror while in-sert-ing, get the er-rormes-sage
s by call-ing \OT1/pcr/m/n/10 get[]errormessages() 
 []


LaTeX Warning: Reference `completion' on page 11 undefined on input line 224.


LaTeX Warning: Reference `serverinterface' on page 11 undefined on input line 2
33.


Overfull \hbox (53.83104pt too wide) in paragraph at lines 248--248
[]\OT1/ptm/m/n/10 There was an er-ror while re-mov-ing, get the er-rormes-sages
 call-ing \OT1/pcr/m/n/10 get[]errormessages() 
 []


LaTeX Warning: Reference `completion' on page 11 undefined on input line 248.

[11]
Overfull \hbox (53.83104pt too wide) in paragraph at lines 273--273
[]\OT1/ptm/m/n/10 There was an er-ror while re-mov-ing, get the er-rormes-sages
 call-ing \OT1/pcr/m/n/10 get[]errormessages() 
 []


LaTeX Warning: Reference `completion' on page 12 undefined on input line 273.


LaTeX Warning: Reference `errormessages' on page 12 undefined on input line 290
.

[12]
Overfull \hbox (19.96085pt too wide) in paragraph at lines 383--383
[]\OT1/ptm/m/n/10 Gets a mes-sage from the server for the client. This func-tio
n is called by \OT1/pcr/m/n/10 get[]errormessages()\OT1/ptm/m/n/10 . 
 []

[13] [14]
LaTeX Font Info:    Font shape `OT1/ptm/bx/n' in size <8> not available
(Font)              Font shape `OT1/ptm/b/n' tried instead on input line 469.


LaTeX Warning: Reference `serverinterface' on page 15 undefined on input line 4
69.


LaTeX Warning: Reference `cha:SyntaxSpec' on page 15 undefined on input line 46
9.

[15] [16]
Overfull \hbox (28.14346pt too wide) in paragraph at lines 563--565
[][]\OT1/pcr/m/n/10 kernel32.lib user32.lib wsock32.lib $(CB_HOME)/windows/lib/
libCB.lib 
 []

) (../libcbview.tex [17]
Chapter 3.

Package hyperref Warning: Composite letter `\texttilde+\relax'
(hyperref)                not defined in PD1 encoding,
(hyperref)                removing `\texttilde' on input line 51.

[18

]
Overfull \hbox (41.97072pt too wide) in paragraph at lines 152--169
\OT1/ptm/b/n/10 CBanswer* hy-poAsk (char* frames, char* query, char* for-mat="O
BJNAMES", char* an-swer-rep="FRAME",
 []

[19] [20] [21] [22]

Package hyperref Warning: Composite letter `\texttilde+\relax'
(hyperref)                not defined in PD1 encoding,
(hyperref)                removing `\texttilde' on input line 424.


Package hyperref Warning: Composite letter `\texttilde+\relax'
(hyperref)                not defined in PD1 encoding,
(hyperref)                removing `\texttilde' on input line 491.

[23]) (../libtelos.tex [24]
Chapter 4.

Overfull \hbox (23.63197pt too wide) in paragraph at lines 14--18
[]\OT1/ptm/m/n/10 In your source files, you must in-clude the header files \OT1
/pcr/m/n/10 fragment.h\OT1/ptm/m/n/10 , \OT1/pcr/m/n/10 te[]access.h\OT1/ptm/m/
n/10 , \OT1/pcr/m/n/10 te[]callparser.h\OT1/ptm/m/n/10 ,
 []


Overfull \hbox (12.97174pt too wide) in paragraph at lines 14--18
\OT1/pcr/m/n/10 te[]cursor.h\OT1/ptm/m/n/10 , and/or \OT1/pcr/m/n/10 te[]smluti
l.h\OT1/ptm/m/n/10 . All header files are lo-cated in the di-rec-tory []\OT1/pc
r/m/n/10 $CB_HOME/include\OT1/ptm/m/n/10 . 
 []


LaTeX Warning: Reference `sec:fragmenth' on page 25 undefined on input line 27.



Overfull \hbox (41.50185pt too wide) in paragraph at lines 23--28
[]\OT1/ptm/m/n/10 Using the func-tions and data struc-tures de-fined in \OT1/pc
r/m/n/10 fragment.h\OT1/ptm/m/n/10 , \OT1/pcr/m/n/10 te[]callparser.h\OT1/ptm/m
/n/10 , and \OT1/pcr/m/n/10 te[]smlutil.h\OT1/ptm/m/n/10 :
 []


LaTeX Warning: Reference `sec:accessh' on page 25 undefined on input line 30.


LaTeX Warning: Reference `sec:cursorh' on page 25 undefined on input line 33.

[25

] [26]
Underfull \hbox (badness 10000) in paragraph at lines 207--236

 []


Underfull \hbox (badness 10000) in paragraph at lines 270--299

 []

[27]
Underfull \hbox (badness 10000) in paragraph at lines 405--427

 []


Underfull \hbox (badness 10000) in paragraph at lines 427--434

 []

[28]
Underfull \hbox (badness 10000) in paragraph at lines 495--510

 []


Underfull \hbox (badness 10000) in paragraph at lines 510--517

 []


Underfull \hbox (badness 10000) in paragraph at lines 517--524

 []

[29] [30]
Underfull \hbox (badness 10000) in paragraph at lines 739--803

 []

[31]
Underfull \hbox (badness 10000) in paragraph at lines 803--810

 []


Underfull \hbox (badness 10000) in paragraph at lines 810--817

 []

[32] [33] [34] [35]) (../JavaInterface.tex [36]
Chapter 5.

Overfull \hbox (1.51979pt too wide) in paragraph at lines 32--36
[]\OT1/ptm/m/n/10 The pre-ferred method for the in-ter-ac-tion with Con-cept-Ba
se is the us-age of the pack-age i5.cb.telos.object.
 []

[37

]
Overfull \hbox (59.1709pt too wide) in paragraph at lines 107--111
\OT1/ptm/m/n/10 For de-tails, see the API doc-u-men-ta-tion or the ex-am-ples p
ro-vided in []\OT1/pcr/m/n/10 $CB_HOME/examples/Clients/JavaClient\OT1/ptm/m/n/
10 . 
 []


Overfull \hbox (3.78117pt too wide) in paragraph at lines 135--146
\OT1/ptm/m/n/10 Con-cept-Base server (\OT1/pcr/m/n/10 getIndividual\OT1/ptm/m/n
/10 ), to list all in-stances of an ob-ject (\OT1/pcr/m/n/10 getAllInstancesOf\
OT1/ptm/m/n/10 ),
 []


Overfull \hbox (11.89134pt too wide) in paragraph at lines 135--146
\OT1/ptm/m/n/10 to re-trieve all at-tributes of an ob-ject (\OT1/pcr/m/n/10 get
AttributesOf\OT1/ptm/m/n/10 ), etc. The class \OT1/pcr/m/n/10 ObjectBaseInterfa
ce
 []

) (../LogClient.tex [38]
Appendix A.

Overfull \hbox (11.0397pt too wide) in paragraph at lines 5--9
\OT1/ptm/m/n/10 This chap-ter ex-plains the us-age of the C pro-gram-ming in-te
r-face with an ex-am-ple pro-gram called \OT1/pcr/m/n/10 LogClient\OT1/ptm/m/n/
10 .
 []


Overfull \hbox (17.66177pt too wide) in paragraph at lines 10--18
[]\OT1/ptm/m/n/10 The full source code of this pro-gram is in the di-rec-tory [
]\OT1/pcr/m/n/10 $CB_HOME/examples/Clients/LogClient\OT1/ptm/m/n/10 .
 []


Overfull \hbox (7.41376pt too wide) in paragraph at lines 53--53
[]    \OT1/pcr/m/n/10 connect_CB_server(PortNr, HostName, ClientName, UserName,
 &gserver);[] 
 []


LaTeX Warning: Reference `serverinterface' on page 39 undefined on input line 5
6.

[39

]
Overfull \hbox (1.57062pt too wide) in paragraph at lines 65--69
\OT1/ptm/m/n/10 method with its ar-gu-ments \OT1/pcr/m/n/10 arg \OT1/ptm/m/n/10
 to the Con-cept-Base server. Pos-si-ble val-ues for \OT1/pcr/m/n/10 command \O
T1/ptm/m/n/10 are e.g. \OT1/pcr/m/n/10 tellCB,
 []

[40]) (../IpcSyntax.tex [41]
Appendix B.

Overfull \hbox (25.41376pt too wide) in paragraph at lines 81--81
[]\OT1/pcr/m/n/10 <ipcmessage>         ->  ipcmessage(<sender>,<receiver>,<meth
od_and_args>).[] 
 []

[42

]
Overfull \hbox (43.41376pt too wide) in paragraph at lines 81--81
[]\OT1/pcr/m/n/10 <hypoask>            ->  HYPO_ASK , [ <telosframes>  , <askar
gs> <modulearg> ][] 
 []


Overfull \hbox (43.41376pt too wide) in paragraph at lines 81--81
[]\OT1/pcr/m/n/10 <enrollme>           ->  ENROLL_ME , [ <toolclass>  , <userna
me> <modulearg> ][] 
 []

)
Package atveryend Info: Empty hook `BeforeClearDocument' on input line 93.
 [43]
Package atveryend Info: Empty hook `AfterLastShipout' on input line 93.
 (./ProgManual.aux)
Package atveryend Info: Executing hook `AtVeryEndDocument' on input line 93.
Package atveryend Info: Executing hook `AtEndAfterFileList' on input line 93.


Package rerunfilecheck Warning: File `ProgManual.out' has changed.
(rerunfilecheck)                Rerun to get outlines right
(rerunfilecheck)                or use package `bookmark'.

Package rerunfilecheck Info: Checksums for `ProgManual.out':
(rerunfilecheck)             Before: <no file>
(rerunfilecheck)             After:  AF65F8B9EC25A59DBBD4C8ED489DF133;10983.

LaTeX Warning: There were undefined references.


LaTeX Warning: Label(s) may have changed. Rerun to get cross-references right.

Package atveryend Info: Empty hook `AtVeryVeryEnd' on input line 93.
 ) 
Here is how much of TeX's memory you used:
 5295 strings out of 494953
 78183 string characters out of 6180976
 157053 words of memory out of 5000000
 8320 multiletter control sequences out of 15000+600000
 32277 words of font info for 57 fonts, out of 8000000 for 9000
 14 hyphenation exceptions out of 8191
 29i,9n,36p,247b,495s stack positions out of 5000i,500n,10000p,200000b,80000s
{/usr/share/texlive/texmf-dist/fonts/enc/dvips/base/8r.enc}</usr/share/texliv
e/texmf-dist/fonts/type1/public/amsfonts/cm/cmmi10.pfb></usr/share/texlive/texm
f-dist/fonts/type1/public/amsfonts/cm/cmr10.pfb></usr/share/texlive/texmf-dist/
fonts/type1/public/amsfonts/cm/cmr7.pfb></usr/share/texlive/texmf-dist/fonts/ty
pe1/public/amsfonts/cm/cmsy10.pfb></usr/share/texlive/texmf-dist/fonts/type1/ur
w/courier/ucrr8a.pfb></usr/share/texlive/texmf-dist/fonts/type1/urw/times/utmb8
a.pfb></usr/share/texlive/texmf-dist/fonts/type1/urw/times/utmbi8a.pfb></usr/sh
are/texlive/texmf-dist/fonts/type1/urw/times/utmr8a.pfb></usr/share/texlive/tex
mf-dist/fonts/type1/urw/times/utmri8a.pfb>
Output written on ProgManual.pdf (44 pages, 187356 bytes).
PDF statistics:
 449 PDF objects out of 1000 (max. 8388607)
 390 compressed objects within 4 object streams
 210 named destinations out of 1000 (max. 500000)
 1 words of extra memory for PDF output out of 10000 (max. 10000000)

